28-04-2023 02:17:28 [background-preinit] INFO  org.hibernate.validator.internal.util.Version - (Version.java:21) - HV000001: Hibernate Validator 8.0.0.Final
28-04-2023 02:17:28 [restartedMain] INFO  com.ahmetaksunger.BlogAPI.BlogApiApplication - (StartupInfoLogger.java:51) - Starting BlogApiApplication using Java 19.0.2 with PID 8660 (C:\Users\90538\Desktop\BlogAPI\target\classes started by 90538 in C:\Users\90538\Desktop\BlogAPI)
28-04-2023 02:17:28 [restartedMain] INFO  com.ahmetaksunger.BlogAPI.BlogApiApplication - (SpringApplication.java:632) - No active profile set, falling back to 1 default profile: "default"
28-04-2023 02:17:28 [restartedMain] INFO  org.springframework.boot.devtools.env.DevToolsPropertyDefaultsPostProcessor - (DeferredLog.java:250) - Devtools property defaults active! Set 'spring.devtools.add-properties' to 'false' to disable
28-04-2023 02:17:28 [restartedMain] INFO  org.springframework.boot.devtools.env.DevToolsPropertyDefaultsPostProcessor - (DeferredLog.java:250) - For additional web related logging consider setting the 'logging.level.web' property to 'DEBUG'
28-04-2023 02:17:29 [restartedMain] INFO  org.springframework.data.repository.config.RepositoryConfigurationDelegate - (RepositoryConfigurationDelegate.java:138) - Bootstrapping Spring Data JPA repositories in DEFAULT mode.
28-04-2023 02:17:29 [restartedMain] INFO  org.springframework.data.repository.config.RepositoryConfigurationDelegate - (RepositoryConfigurationDelegate.java:208) - Finished Spring Data repository scanning in 55 ms. Found 2 JPA repository interfaces.
28-04-2023 02:17:30 [restartedMain] INFO  org.springframework.boot.web.embedded.tomcat.TomcatWebServer - (TomcatWebServer.java:108) - Tomcat initialized with port(s): 8080 (http)
28-04-2023 02:17:30 [restartedMain] INFO  org.springframework.boot.web.servlet.context.ServletWebServerApplicationContext - (ServletWebServerApplicationContext.java:291) - Root WebApplicationContext: initialization completed in 1748 ms
28-04-2023 02:17:30 [restartedMain] INFO  org.hibernate.jpa.internal.util.LogHelper - (LogHelper.java:31) - HHH000204: Processing PersistenceUnitInfo [name: default]
28-04-2023 02:17:30 [restartedMain] INFO  org.hibernate.Version - (Version.java:44) - HHH000412: Hibernate ORM core version 6.1.7.Final
28-04-2023 02:17:30 [restartedMain] WARN  org.hibernate.orm.deprecation - (EntityManagerFactoryBuilderImpl.java:606) - HHH90000021: Encountered deprecated setting [javax.persistence.validation.mode], use [jakarta.persistence.validation.mode] instead
28-04-2023 02:17:31 [restartedMain] INFO  SQL dialect - (DialectFactoryImpl.java:66) - HHH000400: Using dialect: org.hibernate.dialect.PostgreSQLDialect
28-04-2023 02:17:32 [restartedMain] WARN  org.hibernate.engine.jdbc.spi.SqlExceptionHelper - (SqlExceptionHelper.java:226) - SQL Warning Code: 0, SQLState: 00000
28-04-2023 02:17:32 [restartedMain] WARN  org.hibernate.engine.jdbc.spi.SqlExceptionHelper - (SqlExceptionHelper.java:227) - constraint "uk_6dotkott2kjsp8vw4d0m25fb7" of relation "users" does not exist, skipping
28-04-2023 02:17:32 [restartedMain] WARN  org.hibernate.engine.jdbc.spi.SqlExceptionHelper - (SqlExceptionHelper.java:226) - SQL Warning Code: 0, SQLState: 00000
28-04-2023 02:17:32 [restartedMain] WARN  org.hibernate.engine.jdbc.spi.SqlExceptionHelper - (SqlExceptionHelper.java:227) - constraint "uk_r43af9ap4edm43mmtq01oddj6" of relation "users" does not exist, skipping
28-04-2023 02:17:32 [restartedMain] INFO  org.hibernate.engine.transaction.jta.platform.internal.JtaPlatformInitiator - (JtaPlatformInitiator.java:51) - HHH000490: Using JtaPlatform implementation: [org.hibernate.engine.transaction.jta.platform.internal.NoJtaPlatform]
28-04-2023 02:17:32 [restartedMain] INFO  org.springframework.orm.jpa.LocalContainerEntityManagerFactoryBean - (AbstractEntityManagerFactoryBean.java:437) - Initialized JPA EntityManagerFactory for persistence unit 'default'
28-04-2023 02:17:32 [restartedMain] WARN  org.springframework.boot.autoconfigure.orm.jpa.JpaBaseConfiguration$JpaWebConfiguration - (JpaBaseConfiguration.java:231) - spring.jpa.open-in-view is enabled by default. Therefore, database queries may be performed during view rendering. Explicitly configure spring.jpa.open-in-view to disable this warning
28-04-2023 02:17:32 [restartedMain] INFO  org.springframework.security.web.DefaultSecurityFilterChain - (DefaultSecurityFilterChain.java:54) - Will secure any request with [org.springframework.security.web.session.DisableEncodeUrlFilter@449bea82, org.springframework.security.web.context.request.async.WebAsyncManagerIntegrationFilter@5f113a3f, org.springframework.security.web.context.SecurityContextHolderFilter@7b2a43d6, org.springframework.security.web.header.HeaderWriterFilter@6fe307ba, org.springframework.security.web.authentication.logout.LogoutFilter@215a551d, org.springframework.security.oauth2.server.resource.web.authentication.BearerTokenAuthenticationFilter@5983b443, org.springframework.security.web.savedrequest.RequestCacheAwareFilter@169c13e9, org.springframework.security.web.servletapi.SecurityContextHolderAwareRequestFilter@1484c806, org.springframework.security.web.authentication.AnonymousAuthenticationFilter@1bf4bc32, org.springframework.security.web.session.SessionManagementFilter@77e39be0, org.springframework.security.web.access.ExceptionTranslationFilter@a1f6461, org.springframework.security.web.access.intercept.AuthorizationFilter@4728eb03]
28-04-2023 02:17:33 [restartedMain] INFO  org.springframework.boot.devtools.autoconfigure.OptionalLiveReloadServer - (OptionalLiveReloadServer.java:59) - LiveReload server is running on port 35729
28-04-2023 02:17:33 [restartedMain] INFO  org.springframework.boot.web.embedded.tomcat.TomcatWebServer - (TomcatWebServer.java:220) - Tomcat started on port(s): 8080 (http) with context path ''
28-04-2023 02:17:33 [restartedMain] INFO  com.ahmetaksunger.BlogAPI.BlogApiApplication - (StartupInfoLogger.java:57) - Started BlogApiApplication in 5.269 seconds (process running for 6.83)
28-04-2023 02:18:43 [SpringApplicationShutdownHook] INFO  org.springframework.orm.jpa.LocalContainerEntityManagerFactoryBean - (AbstractEntityManagerFactoryBean.java:650) - Closing JPA EntityManagerFactory for persistence unit 'default'
28-04-2023 02:20:46 [background-preinit] INFO  org.hibernate.validator.internal.util.Version - (Version.java:21) - HV000001: Hibernate Validator 8.0.0.Final
28-04-2023 02:20:46 [restartedMain] INFO  com.ahmetaksunger.BlogAPI.BlogApiApplication - (StartupInfoLogger.java:51) - Starting BlogApiApplication using Java 19.0.2 with PID 10500 (C:\Users\90538\Desktop\BlogAPI\target\classes started by 90538 in C:\Users\90538\Desktop\BlogAPI)
28-04-2023 02:20:46 [restartedMain] INFO  com.ahmetaksunger.BlogAPI.BlogApiApplication - (SpringApplication.java:632) - No active profile set, falling back to 1 default profile: "default"
28-04-2023 02:20:46 [restartedMain] INFO  org.springframework.boot.devtools.env.DevToolsPropertyDefaultsPostProcessor - (DeferredLog.java:250) - Devtools property defaults active! Set 'spring.devtools.add-properties' to 'false' to disable
28-04-2023 02:20:46 [restartedMain] INFO  org.springframework.boot.devtools.env.DevToolsPropertyDefaultsPostProcessor - (DeferredLog.java:250) - For additional web related logging consider setting the 'logging.level.web' property to 'DEBUG'
28-04-2023 02:20:47 [restartedMain] INFO  org.springframework.data.repository.config.RepositoryConfigurationDelegate - (RepositoryConfigurationDelegate.java:138) - Bootstrapping Spring Data JPA repositories in DEFAULT mode.
28-04-2023 02:20:48 [restartedMain] INFO  org.springframework.data.repository.config.RepositoryConfigurationDelegate - (RepositoryConfigurationDelegate.java:208) - Finished Spring Data repository scanning in 63 ms. Found 2 JPA repository interfaces.
28-04-2023 02:20:49 [restartedMain] INFO  org.springframework.boot.web.embedded.tomcat.TomcatWebServer - (TomcatWebServer.java:108) - Tomcat initialized with port(s): 8080 (http)
28-04-2023 02:20:49 [restartedMain] INFO  org.springframework.boot.web.servlet.context.ServletWebServerApplicationContext - (ServletWebServerApplicationContext.java:291) - Root WebApplicationContext: initialization completed in 2651 ms
28-04-2023 02:20:49 [restartedMain] INFO  org.hibernate.jpa.internal.util.LogHelper - (LogHelper.java:31) - HHH000204: Processing PersistenceUnitInfo [name: default]
28-04-2023 02:20:49 [restartedMain] INFO  org.hibernate.Version - (Version.java:44) - HHH000412: Hibernate ORM core version 6.1.7.Final
28-04-2023 02:20:50 [restartedMain] WARN  org.hibernate.orm.deprecation - (EntityManagerFactoryBuilderImpl.java:606) - HHH90000021: Encountered deprecated setting [javax.persistence.validation.mode], use [jakarta.persistence.validation.mode] instead
28-04-2023 02:20:50 [restartedMain] INFO  SQL dialect - (DialectFactoryImpl.java:66) - HHH000400: Using dialect: org.hibernate.dialect.PostgreSQLDialect
28-04-2023 02:20:51 [restartedMain] INFO  org.hibernate.engine.transaction.jta.platform.internal.JtaPlatformInitiator - (JtaPlatformInitiator.java:51) - HHH000490: Using JtaPlatform implementation: [org.hibernate.engine.transaction.jta.platform.internal.NoJtaPlatform]
28-04-2023 02:20:51 [restartedMain] INFO  org.springframework.orm.jpa.LocalContainerEntityManagerFactoryBean - (AbstractEntityManagerFactoryBean.java:437) - Initialized JPA EntityManagerFactory for persistence unit 'default'
28-04-2023 02:20:52 [restartedMain] WARN  org.springframework.boot.autoconfigure.orm.jpa.JpaBaseConfiguration$JpaWebConfiguration - (JpaBaseConfiguration.java:231) - spring.jpa.open-in-view is enabled by default. Therefore, database queries may be performed during view rendering. Explicitly configure spring.jpa.open-in-view to disable this warning
28-04-2023 02:20:52 [restartedMain] INFO  org.springframework.security.web.DefaultSecurityFilterChain - (DefaultSecurityFilterChain.java:54) - Will secure any request with [org.springframework.security.web.session.DisableEncodeUrlFilter@b78ce86, org.springframework.security.web.context.request.async.WebAsyncManagerIntegrationFilter@49df0afc, org.springframework.security.web.context.SecurityContextHolderFilter@1f78d642, org.springframework.security.web.header.HeaderWriterFilter@1ca80ea7, org.springframework.security.web.authentication.logout.LogoutFilter@36b68c2e, org.springframework.security.oauth2.server.resource.web.authentication.BearerTokenAuthenticationFilter@30a6c8f0, org.springframework.security.web.savedrequest.RequestCacheAwareFilter@4ecb7b4, org.springframework.security.web.servletapi.SecurityContextHolderAwareRequestFilter@4aa8730a, org.springframework.security.web.authentication.AnonymousAuthenticationFilter@4f38aa7f, org.springframework.security.web.session.SessionManagementFilter@5f2b9be4, org.springframework.security.web.access.ExceptionTranslationFilter@19ee8fb8, org.springframework.security.web.access.intercept.AuthorizationFilter@5db10150]
28-04-2023 02:20:52 [restartedMain] INFO  org.springframework.boot.devtools.autoconfigure.OptionalLiveReloadServer - (OptionalLiveReloadServer.java:59) - LiveReload server is running on port 35729
28-04-2023 02:20:53 [restartedMain] INFO  org.springframework.boot.web.embedded.tomcat.TomcatWebServer - (TomcatWebServer.java:220) - Tomcat started on port(s): 8080 (http) with context path ''
28-04-2023 02:20:53 [restartedMain] INFO  com.ahmetaksunger.BlogAPI.BlogApiApplication - (StartupInfoLogger.java:57) - Started BlogApiApplication in 6.925 seconds (process running for 8.343)
28-04-2023 02:22:25 [http-nio-8080-exec-2] INFO  org.springframework.web.servlet.DispatcherServlet - (FrameworkServlet.java:532) - Initializing Servlet 'dispatcherServlet'
28-04-2023 02:22:25 [http-nio-8080-exec-2] INFO  org.springframework.web.servlet.DispatcherServlet - (FrameworkServlet.java:554) - Completed initialization in 4 ms
28-04-2023 02:22:25 [http-nio-8080-exec-2] WARN  org.springframework.web.servlet.mvc.support.DefaultHandlerExceptionResolver - (AbstractHandlerExceptionResolver.java:207) - Resolved [org.springframework.web.HttpRequestMethodNotSupportedException: Request method 'GET' is not supported]
28-04-2023 02:22:47 [SpringApplicationShutdownHook] INFO  org.springframework.orm.jpa.LocalContainerEntityManagerFactoryBean - (AbstractEntityManagerFactoryBean.java:650) - Closing JPA EntityManagerFactory for persistence unit 'default'
28-04-2023 02:22:58 [background-preinit] INFO  org.hibernate.validator.internal.util.Version - (Version.java:21) - HV000001: Hibernate Validator 8.0.0.Final
28-04-2023 02:22:58 [restartedMain] INFO  com.ahmetaksunger.BlogAPI.BlogApiApplication - (StartupInfoLogger.java:51) - Starting BlogApiApplication using Java 19.0.2 with PID 14332 (C:\Users\90538\Desktop\BlogAPI\target\classes started by 90538 in C:\Users\90538\Desktop\BlogAPI)
28-04-2023 02:22:58 [restartedMain] INFO  com.ahmetaksunger.BlogAPI.BlogApiApplication - (SpringApplication.java:632) - No active profile set, falling back to 1 default profile: "default"
28-04-2023 02:22:58 [restartedMain] INFO  org.springframework.boot.devtools.env.DevToolsPropertyDefaultsPostProcessor - (DeferredLog.java:250) - Devtools property defaults active! Set 'spring.devtools.add-properties' to 'false' to disable
28-04-2023 02:22:58 [restartedMain] INFO  org.springframework.boot.devtools.env.DevToolsPropertyDefaultsPostProcessor - (DeferredLog.java:250) - For additional web related logging consider setting the 'logging.level.web' property to 'DEBUG'
28-04-2023 02:23:00 [restartedMain] INFO  org.springframework.data.repository.config.RepositoryConfigurationDelegate - (RepositoryConfigurationDelegate.java:138) - Bootstrapping Spring Data JPA repositories in DEFAULT mode.
28-04-2023 02:23:00 [restartedMain] INFO  org.springframework.data.repository.config.RepositoryConfigurationDelegate - (RepositoryConfigurationDelegate.java:208) - Finished Spring Data repository scanning in 59 ms. Found 2 JPA repository interfaces.
28-04-2023 02:23:00 [restartedMain] INFO  org.springframework.boot.web.embedded.tomcat.TomcatWebServer - (TomcatWebServer.java:108) - Tomcat initialized with port(s): 8080 (http)
28-04-2023 02:23:01 [restartedMain] INFO  org.springframework.boot.web.servlet.context.ServletWebServerApplicationContext - (ServletWebServerApplicationContext.java:291) - Root WebApplicationContext: initialization completed in 2118 ms
28-04-2023 02:23:01 [restartedMain] INFO  org.hibernate.jpa.internal.util.LogHelper - (LogHelper.java:31) - HHH000204: Processing PersistenceUnitInfo [name: default]
28-04-2023 02:23:01 [restartedMain] INFO  org.hibernate.Version - (Version.java:44) - HHH000412: Hibernate ORM core version 6.1.7.Final
28-04-2023 02:23:01 [restartedMain] WARN  org.hibernate.orm.deprecation - (EntityManagerFactoryBuilderImpl.java:606) - HHH90000021: Encountered deprecated setting [javax.persistence.validation.mode], use [jakarta.persistence.validation.mode] instead
28-04-2023 02:23:02 [restartedMain] INFO  SQL dialect - (DialectFactoryImpl.java:66) - HHH000400: Using dialect: org.hibernate.dialect.PostgreSQLDialect
28-04-2023 02:23:03 [restartedMain] INFO  org.hibernate.engine.transaction.jta.platform.internal.JtaPlatformInitiator - (JtaPlatformInitiator.java:51) - HHH000490: Using JtaPlatform implementation: [org.hibernate.engine.transaction.jta.platform.internal.NoJtaPlatform]
28-04-2023 02:23:03 [restartedMain] INFO  org.springframework.orm.jpa.LocalContainerEntityManagerFactoryBean - (AbstractEntityManagerFactoryBean.java:437) - Initialized JPA EntityManagerFactory for persistence unit 'default'
28-04-2023 02:23:03 [restartedMain] WARN  org.springframework.boot.autoconfigure.orm.jpa.JpaBaseConfiguration$JpaWebConfiguration - (JpaBaseConfiguration.java:231) - spring.jpa.open-in-view is enabled by default. Therefore, database queries may be performed during view rendering. Explicitly configure spring.jpa.open-in-view to disable this warning
28-04-2023 02:23:04 [restartedMain] INFO  org.springframework.security.web.DefaultSecurityFilterChain - (DefaultSecurityFilterChain.java:54) - Will secure any request with [org.springframework.security.web.session.DisableEncodeUrlFilter@222fa48f, org.springframework.security.web.context.request.async.WebAsyncManagerIntegrationFilter@2ef821ba, org.springframework.security.web.context.SecurityContextHolderFilter@4d6a77f0, org.springframework.security.web.header.HeaderWriterFilter@1338884c, org.springframework.security.web.authentication.logout.LogoutFilter@2f9e68a6, org.springframework.security.oauth2.server.resource.web.authentication.BearerTokenAuthenticationFilter@10ced863, org.springframework.security.web.savedrequest.RequestCacheAwareFilter@333be22e, org.springframework.security.web.servletapi.SecurityContextHolderAwareRequestFilter@6c114902, org.springframework.security.web.authentication.AnonymousAuthenticationFilter@4813e9c6, org.springframework.security.web.session.SessionManagementFilter@63a382e4, org.springframework.security.web.access.ExceptionTranslationFilter@66652570, org.springframework.security.web.access.intercept.AuthorizationFilter@449a881a]
28-04-2023 02:23:04 [restartedMain] INFO  org.springframework.boot.devtools.autoconfigure.OptionalLiveReloadServer - (OptionalLiveReloadServer.java:59) - LiveReload server is running on port 35729
28-04-2023 02:23:04 [restartedMain] INFO  org.springframework.boot.web.embedded.tomcat.TomcatWebServer - (TomcatWebServer.java:220) - Tomcat started on port(s): 8080 (http) with context path ''
28-04-2023 02:23:04 [restartedMain] INFO  com.ahmetaksunger.BlogAPI.BlogApiApplication - (StartupInfoLogger.java:57) - Started BlogApiApplication in 6.046 seconds (process running for 8.035)
28-04-2023 02:24:41 [SpringApplicationShutdownHook] INFO  org.springframework.orm.jpa.LocalContainerEntityManagerFactoryBean - (AbstractEntityManagerFactoryBean.java:650) - Closing JPA EntityManagerFactory for persistence unit 'default'
28-04-2023 02:24:49 [background-preinit] INFO  org.hibernate.validator.internal.util.Version - (Version.java:21) - HV000001: Hibernate Validator 8.0.0.Final
28-04-2023 02:24:49 [restartedMain] INFO  com.ahmetaksunger.BlogAPI.BlogApiApplication - (StartupInfoLogger.java:51) - Starting BlogApiApplication using Java 19.0.2 with PID 2944 (C:\Users\90538\Desktop\BlogAPI\target\classes started by 90538 in C:\Users\90538\Desktop\BlogAPI)
28-04-2023 02:24:49 [restartedMain] INFO  com.ahmetaksunger.BlogAPI.BlogApiApplication - (SpringApplication.java:632) - No active profile set, falling back to 1 default profile: "default"
28-04-2023 02:24:49 [restartedMain] INFO  org.springframework.boot.devtools.env.DevToolsPropertyDefaultsPostProcessor - (DeferredLog.java:250) - Devtools property defaults active! Set 'spring.devtools.add-properties' to 'false' to disable
28-04-2023 02:24:49 [restartedMain] INFO  org.springframework.boot.devtools.env.DevToolsPropertyDefaultsPostProcessor - (DeferredLog.java:250) - For additional web related logging consider setting the 'logging.level.web' property to 'DEBUG'
28-04-2023 02:24:50 [restartedMain] INFO  org.springframework.data.repository.config.RepositoryConfigurationDelegate - (RepositoryConfigurationDelegate.java:138) - Bootstrapping Spring Data JPA repositories in DEFAULT mode.
28-04-2023 02:24:50 [restartedMain] INFO  org.springframework.data.repository.config.RepositoryConfigurationDelegate - (RepositoryConfigurationDelegate.java:208) - Finished Spring Data repository scanning in 14 ms. Found 0 JPA repository interfaces.
28-04-2023 02:24:51 [restartedMain] INFO  org.springframework.boot.web.embedded.tomcat.TomcatWebServer - (TomcatWebServer.java:108) - Tomcat initialized with port(s): 8080 (http)
28-04-2023 02:24:51 [restartedMain] INFO  org.springframework.boot.web.servlet.context.ServletWebServerApplicationContext - (ServletWebServerApplicationContext.java:291) - Root WebApplicationContext: initialization completed in 2077 ms
28-04-2023 02:24:51 [restartedMain] INFO  org.hibernate.jpa.internal.util.LogHelper - (LogHelper.java:31) - HHH000204: Processing PersistenceUnitInfo [name: default]
28-04-2023 02:24:52 [restartedMain] INFO  org.hibernate.Version - (Version.java:44) - HHH000412: Hibernate ORM core version 6.1.7.Final
28-04-2023 02:24:52 [restartedMain] WARN  org.hibernate.orm.deprecation - (EntityManagerFactoryBuilderImpl.java:606) - HHH90000021: Encountered deprecated setting [javax.persistence.validation.mode], use [jakarta.persistence.validation.mode] instead
28-04-2023 02:24:52 [restartedMain] INFO  SQL dialect - (DialectFactoryImpl.java:66) - HHH000400: Using dialect: org.hibernate.dialect.PostgreSQLDialect
28-04-2023 02:24:53 [restartedMain] INFO  org.hibernate.engine.transaction.jta.platform.internal.JtaPlatformInitiator - (JtaPlatformInitiator.java:51) - HHH000490: Using JtaPlatform implementation: [org.hibernate.engine.transaction.jta.platform.internal.NoJtaPlatform]
28-04-2023 02:24:53 [restartedMain] INFO  org.springframework.orm.jpa.LocalContainerEntityManagerFactoryBean - (AbstractEntityManagerFactoryBean.java:437) - Initialized JPA EntityManagerFactory for persistence unit 'default'
28-04-2023 02:24:53 [restartedMain] WARN  org.springframework.boot.web.servlet.context.AnnotationConfigServletWebServerApplicationContext - (AbstractApplicationContext.java:592) - Exception encountered during context initialization - cancelling refresh attempt: org.springframework.beans.factory.UnsatisfiedDependencyException: Error creating bean with name 'run' defined in com.ahmetaksunger.BlogAPI.BlogApiApplication: Unsatisfied dependency expressed through method 'run' parameter 0: No qualifying bean of type 'com.ahmetaksunger.BlogAPI.repository.RoleRepository' available: expected at least 1 bean which qualifies as autowire candidate. Dependency annotations: {}
28-04-2023 02:24:53 [restartedMain] INFO  org.springframework.orm.jpa.LocalContainerEntityManagerFactoryBean - (AbstractEntityManagerFactoryBean.java:650) - Closing JPA EntityManagerFactory for persistence unit 'default'
28-04-2023 02:24:53 [restartedMain] INFO  org.springframework.boot.autoconfigure.logging.ConditionEvaluationReportLogger - (ConditionEvaluationReportLogger.java:82) - 

Error starting ApplicationContext. To display the condition evaluation report re-run your application with 'debug' enabled.
28-04-2023 02:24:53 [restartedMain] ERROR org.springframework.boot.diagnostics.LoggingFailureAnalysisReporter - (LoggingFailureAnalysisReporter.java:40) - 

***************************
APPLICATION FAILED TO START
***************************

Description:

Parameter 0 of method run in com.ahmetaksunger.BlogAPI.BlogApiApplication required a bean of type 'com.ahmetaksunger.BlogAPI.repository.RoleRepository' that could not be found.


Action:

Consider defining a bean of type 'com.ahmetaksunger.BlogAPI.repository.RoleRepository' in your configuration.

28-04-2023 02:25:12 [background-preinit] INFO  org.hibernate.validator.internal.util.Version - (Version.java:21) - HV000001: Hibernate Validator 8.0.0.Final
28-04-2023 02:25:13 [restartedMain] INFO  com.ahmetaksunger.BlogAPI.BlogApiApplication - (StartupInfoLogger.java:51) - Starting BlogApiApplication using Java 19.0.2 with PID 12704 (C:\Users\90538\Desktop\BlogAPI\target\classes started by 90538 in C:\Users\90538\Desktop\BlogAPI)
28-04-2023 02:25:13 [restartedMain] INFO  com.ahmetaksunger.BlogAPI.BlogApiApplication - (SpringApplication.java:632) - No active profile set, falling back to 1 default profile: "default"
28-04-2023 02:25:13 [restartedMain] INFO  org.springframework.boot.devtools.env.DevToolsPropertyDefaultsPostProcessor - (DeferredLog.java:250) - Devtools property defaults active! Set 'spring.devtools.add-properties' to 'false' to disable
28-04-2023 02:25:13 [restartedMain] INFO  org.springframework.boot.devtools.env.DevToolsPropertyDefaultsPostProcessor - (DeferredLog.java:250) - For additional web related logging consider setting the 'logging.level.web' property to 'DEBUG'
28-04-2023 02:25:13 [restartedMain] INFO  org.springframework.data.repository.config.RepositoryConfigurationDelegate - (RepositoryConfigurationDelegate.java:138) - Bootstrapping Spring Data JPA repositories in DEFAULT mode.
28-04-2023 02:25:13 [restartedMain] INFO  org.springframework.data.repository.config.RepositoryConfigurationDelegate - (RepositoryConfigurationDelegate.java:208) - Finished Spring Data repository scanning in 55 ms. Found 2 JPA repository interfaces.
28-04-2023 02:25:14 [restartedMain] INFO  org.springframework.boot.web.embedded.tomcat.TomcatWebServer - (TomcatWebServer.java:108) - Tomcat initialized with port(s): 8080 (http)
28-04-2023 02:25:14 [restartedMain] INFO  org.springframework.boot.web.servlet.context.ServletWebServerApplicationContext - (ServletWebServerApplicationContext.java:291) - Root WebApplicationContext: initialization completed in 1671 ms
28-04-2023 02:25:14 [restartedMain] INFO  org.hibernate.jpa.internal.util.LogHelper - (LogHelper.java:31) - HHH000204: Processing PersistenceUnitInfo [name: default]
28-04-2023 02:25:15 [restartedMain] INFO  org.hibernate.Version - (Version.java:44) - HHH000412: Hibernate ORM core version 6.1.7.Final
28-04-2023 02:25:15 [restartedMain] WARN  org.hibernate.orm.deprecation - (EntityManagerFactoryBuilderImpl.java:606) - HHH90000021: Encountered deprecated setting [javax.persistence.validation.mode], use [jakarta.persistence.validation.mode] instead
28-04-2023 02:25:15 [restartedMain] INFO  SQL dialect - (DialectFactoryImpl.java:66) - HHH000400: Using dialect: org.hibernate.dialect.PostgreSQLDialect
28-04-2023 02:25:16 [restartedMain] INFO  org.hibernate.engine.transaction.jta.platform.internal.JtaPlatformInitiator - (JtaPlatformInitiator.java:51) - HHH000490: Using JtaPlatform implementation: [org.hibernate.engine.transaction.jta.platform.internal.NoJtaPlatform]
28-04-2023 02:25:16 [restartedMain] INFO  org.springframework.orm.jpa.LocalContainerEntityManagerFactoryBean - (AbstractEntityManagerFactoryBean.java:437) - Initialized JPA EntityManagerFactory for persistence unit 'default'
28-04-2023 02:25:17 [restartedMain] WARN  org.springframework.boot.autoconfigure.orm.jpa.JpaBaseConfiguration$JpaWebConfiguration - (JpaBaseConfiguration.java:231) - spring.jpa.open-in-view is enabled by default. Therefore, database queries may be performed during view rendering. Explicitly configure spring.jpa.open-in-view to disable this warning
28-04-2023 02:25:17 [restartedMain] INFO  org.springframework.security.web.DefaultSecurityFilterChain - (DefaultSecurityFilterChain.java:54) - Will secure any request with [org.springframework.security.web.session.DisableEncodeUrlFilter@6671c511, org.springframework.security.web.context.request.async.WebAsyncManagerIntegrationFilter@694481eb, org.springframework.security.web.context.SecurityContextHolderFilter@408085ea, org.springframework.security.web.header.HeaderWriterFilter@140c9b42, org.springframework.security.web.authentication.logout.LogoutFilter@1f2c42e, org.springframework.security.oauth2.server.resource.web.authentication.BearerTokenAuthenticationFilter@1eb457bb, org.springframework.security.web.savedrequest.RequestCacheAwareFilter@33f96b9d, org.springframework.security.web.servletapi.SecurityContextHolderAwareRequestFilter@38799be9, org.springframework.security.web.authentication.AnonymousAuthenticationFilter@55710af7, org.springframework.security.web.session.SessionManagementFilter@7d9c3d9b, org.springframework.security.web.access.ExceptionTranslationFilter@1aeabc55, org.springframework.security.web.access.intercept.AuthorizationFilter@55a04203]
28-04-2023 02:25:18 [restartedMain] INFO  org.springframework.boot.devtools.autoconfigure.OptionalLiveReloadServer - (OptionalLiveReloadServer.java:59) - LiveReload server is running on port 35729
28-04-2023 02:25:18 [restartedMain] INFO  org.springframework.boot.web.embedded.tomcat.TomcatWebServer - (TomcatWebServer.java:220) - Tomcat started on port(s): 8080 (http) with context path ''
28-04-2023 02:25:18 [restartedMain] INFO  com.ahmetaksunger.BlogAPI.BlogApiApplication - (StartupInfoLogger.java:57) - Started BlogApiApplication in 5.529 seconds (process running for 6.495)
28-04-2023 02:25:24 [http-nio-8080-exec-1] INFO  org.springframework.web.servlet.DispatcherServlet - (FrameworkServlet.java:532) - Initializing Servlet 'dispatcherServlet'
28-04-2023 02:25:24 [http-nio-8080-exec-1] INFO  org.springframework.web.servlet.DispatcherServlet - (FrameworkServlet.java:554) - Completed initialization in 4 ms
28-04-2023 02:25:57 [SpringApplicationShutdownHook] INFO  org.springframework.orm.jpa.LocalContainerEntityManagerFactoryBean - (AbstractEntityManagerFactoryBean.java:650) - Closing JPA EntityManagerFactory for persistence unit 'default'
28-04-2023 03:13:28 [background-preinit] INFO  org.hibernate.validator.internal.util.Version - (Version.java:21) - HV000001: Hibernate Validator 8.0.0.Final
28-04-2023 03:13:28 [restartedMain] INFO  com.ahmetaksunger.BlogAPI.BlogApiApplication - (StartupInfoLogger.java:51) - Starting BlogApiApplication using Java 19.0.2 with PID 11540 (C:\Users\90538\Desktop\BlogAPI\target\classes started by 90538 in C:\Users\90538\Desktop\BlogAPI)
28-04-2023 03:13:28 [restartedMain] INFO  com.ahmetaksunger.BlogAPI.BlogApiApplication - (SpringApplication.java:632) - No active profile set, falling back to 1 default profile: "default"
28-04-2023 03:13:28 [restartedMain] INFO  org.springframework.boot.devtools.env.DevToolsPropertyDefaultsPostProcessor - (DeferredLog.java:250) - Devtools property defaults active! Set 'spring.devtools.add-properties' to 'false' to disable
28-04-2023 03:13:28 [restartedMain] INFO  org.springframework.boot.devtools.env.DevToolsPropertyDefaultsPostProcessor - (DeferredLog.java:250) - For additional web related logging consider setting the 'logging.level.web' property to 'DEBUG'
28-04-2023 03:13:29 [restartedMain] INFO  org.springframework.data.repository.config.RepositoryConfigurationDelegate - (RepositoryConfigurationDelegate.java:138) - Bootstrapping Spring Data JPA repositories in DEFAULT mode.
28-04-2023 03:13:29 [restartedMain] INFO  org.springframework.data.repository.config.RepositoryConfigurationDelegate - (RepositoryConfigurationDelegate.java:208) - Finished Spring Data repository scanning in 64 ms. Found 2 JPA repository interfaces.
28-04-2023 03:13:30 [restartedMain] INFO  org.springframework.boot.web.embedded.tomcat.TomcatWebServer - (TomcatWebServer.java:108) - Tomcat initialized with port(s): 8080 (http)
28-04-2023 03:13:30 [restartedMain] INFO  org.springframework.boot.web.servlet.context.ServletWebServerApplicationContext - (ServletWebServerApplicationContext.java:291) - Root WebApplicationContext: initialization completed in 2187 ms
28-04-2023 03:13:31 [restartedMain] INFO  org.hibernate.jpa.internal.util.LogHelper - (LogHelper.java:31) - HHH000204: Processing PersistenceUnitInfo [name: default]
28-04-2023 03:13:31 [restartedMain] INFO  org.hibernate.Version - (Version.java:44) - HHH000412: Hibernate ORM core version 6.1.7.Final
28-04-2023 03:13:31 [restartedMain] WARN  org.hibernate.orm.deprecation - (EntityManagerFactoryBuilderImpl.java:606) - HHH90000021: Encountered deprecated setting [javax.persistence.validation.mode], use [jakarta.persistence.validation.mode] instead
28-04-2023 03:13:31 [restartedMain] INFO  SQL dialect - (DialectFactoryImpl.java:66) - HHH000400: Using dialect: org.hibernate.dialect.PostgreSQLDialect
28-04-2023 03:13:32 [restartedMain] INFO  org.hibernate.engine.transaction.jta.platform.internal.JtaPlatformInitiator - (JtaPlatformInitiator.java:51) - HHH000490: Using JtaPlatform implementation: [org.hibernate.engine.transaction.jta.platform.internal.NoJtaPlatform]
28-04-2023 03:13:32 [restartedMain] INFO  org.springframework.orm.jpa.LocalContainerEntityManagerFactoryBean - (AbstractEntityManagerFactoryBean.java:437) - Initialized JPA EntityManagerFactory for persistence unit 'default'
28-04-2023 03:13:33 [restartedMain] WARN  org.springframework.boot.autoconfigure.orm.jpa.JpaBaseConfiguration$JpaWebConfiguration - (JpaBaseConfiguration.java:231) - spring.jpa.open-in-view is enabled by default. Therefore, database queries may be performed during view rendering. Explicitly configure spring.jpa.open-in-view to disable this warning
28-04-2023 03:13:34 [restartedMain] INFO  org.springframework.security.web.DefaultSecurityFilterChain - (DefaultSecurityFilterChain.java:54) - Will secure any request with [org.springframework.security.web.session.DisableEncodeUrlFilter@2587d41d, org.springframework.security.web.context.request.async.WebAsyncManagerIntegrationFilter@3be68a10, org.springframework.security.web.context.SecurityContextHolderFilter@5aae5ce9, org.springframework.security.web.header.HeaderWriterFilter@66223803, org.springframework.security.web.authentication.logout.LogoutFilter@7c79819, org.springframework.security.oauth2.server.resource.web.authentication.BearerTokenAuthenticationFilter@2cc20e9f, org.springframework.security.web.savedrequest.RequestCacheAwareFilter@7c4b3a79, org.springframework.security.web.servletapi.SecurityContextHolderAwareRequestFilter@5af48b5a, org.springframework.security.web.authentication.AnonymousAuthenticationFilter@76cdd05, org.springframework.security.web.session.SessionManagementFilter@62a3e2c6, org.springframework.security.web.access.ExceptionTranslationFilter@d41c8c8, org.springframework.security.web.access.intercept.AuthorizationFilter@fcfd016]
28-04-2023 03:13:34 [restartedMain] INFO  org.springframework.boot.devtools.autoconfigure.OptionalLiveReloadServer - (OptionalLiveReloadServer.java:59) - LiveReload server is running on port 35729
28-04-2023 03:13:34 [restartedMain] INFO  org.springframework.boot.web.embedded.tomcat.TomcatWebServer - (TomcatWebServer.java:220) - Tomcat started on port(s): 8080 (http) with context path ''
28-04-2023 03:13:34 [restartedMain] INFO  com.ahmetaksunger.BlogAPI.BlogApiApplication - (StartupInfoLogger.java:57) - Started BlogApiApplication in 6.214 seconds (process running for 7.784)
28-04-2023 03:14:21 [SpringApplicationShutdownHook] INFO  org.springframework.orm.jpa.LocalContainerEntityManagerFactoryBean - (AbstractEntityManagerFactoryBean.java:650) - Closing JPA EntityManagerFactory for persistence unit 'default'
28-04-2023 03:19:51 [background-preinit] INFO  org.hibernate.validator.internal.util.Version - (Version.java:21) - HV000001: Hibernate Validator 8.0.0.Final
28-04-2023 03:19:51 [restartedMain] INFO  com.ahmetaksunger.BlogAPI.BlogApiApplication - (StartupInfoLogger.java:51) - Starting BlogApiApplication using Java 19.0.2 with PID 8860 (C:\Users\90538\Desktop\BlogAPI\target\classes started by 90538 in C:\Users\90538\Desktop\BlogAPI)
28-04-2023 03:19:51 [restartedMain] INFO  com.ahmetaksunger.BlogAPI.BlogApiApplication - (SpringApplication.java:632) - No active profile set, falling back to 1 default profile: "default"
28-04-2023 03:19:51 [restartedMain] INFO  org.springframework.boot.devtools.env.DevToolsPropertyDefaultsPostProcessor - (DeferredLog.java:250) - Devtools property defaults active! Set 'spring.devtools.add-properties' to 'false' to disable
28-04-2023 03:19:51 [restartedMain] INFO  org.springframework.boot.devtools.env.DevToolsPropertyDefaultsPostProcessor - (DeferredLog.java:250) - For additional web related logging consider setting the 'logging.level.web' property to 'DEBUG'
28-04-2023 03:19:52 [restartedMain] INFO  org.springframework.data.repository.config.RepositoryConfigurationDelegate - (RepositoryConfigurationDelegate.java:138) - Bootstrapping Spring Data JPA repositories in DEFAULT mode.
28-04-2023 03:19:52 [restartedMain] INFO  org.springframework.data.repository.config.RepositoryConfigurationDelegate - (RepositoryConfigurationDelegate.java:208) - Finished Spring Data repository scanning in 75 ms. Found 4 JPA repository interfaces.
28-04-2023 03:19:53 [restartedMain] INFO  org.springframework.boot.web.embedded.tomcat.TomcatWebServer - (TomcatWebServer.java:108) - Tomcat initialized with port(s): 8080 (http)
28-04-2023 03:19:53 [restartedMain] INFO  org.springframework.boot.web.servlet.context.ServletWebServerApplicationContext - (ServletWebServerApplicationContext.java:291) - Root WebApplicationContext: initialization completed in 2048 ms
28-04-2023 03:19:53 [restartedMain] INFO  org.hibernate.jpa.internal.util.LogHelper - (LogHelper.java:31) - HHH000204: Processing PersistenceUnitInfo [name: default]
28-04-2023 03:19:54 [restartedMain] INFO  org.hibernate.Version - (Version.java:44) - HHH000412: Hibernate ORM core version 6.1.7.Final
28-04-2023 03:19:54 [restartedMain] WARN  org.hibernate.orm.deprecation - (EntityManagerFactoryBuilderImpl.java:606) - HHH90000021: Encountered deprecated setting [javax.persistence.validation.mode], use [jakarta.persistence.validation.mode] instead
28-04-2023 03:19:54 [restartedMain] INFO  SQL dialect - (DialectFactoryImpl.java:66) - HHH000400: Using dialect: org.hibernate.dialect.PostgreSQLDialect
28-04-2023 03:19:55 [restartedMain] INFO  org.hibernate.engine.transaction.jta.platform.internal.JtaPlatformInitiator - (JtaPlatformInitiator.java:51) - HHH000490: Using JtaPlatform implementation: [org.hibernate.engine.transaction.jta.platform.internal.NoJtaPlatform]
28-04-2023 03:19:55 [restartedMain] INFO  org.springframework.orm.jpa.LocalContainerEntityManagerFactoryBean - (AbstractEntityManagerFactoryBean.java:437) - Initialized JPA EntityManagerFactory for persistence unit 'default'
28-04-2023 03:19:56 [restartedMain] WARN  org.springframework.boot.autoconfigure.orm.jpa.JpaBaseConfiguration$JpaWebConfiguration - (JpaBaseConfiguration.java:231) - spring.jpa.open-in-view is enabled by default. Therefore, database queries may be performed during view rendering. Explicitly configure spring.jpa.open-in-view to disable this warning
28-04-2023 03:19:56 [restartedMain] INFO  org.springframework.security.web.DefaultSecurityFilterChain - (DefaultSecurityFilterChain.java:54) - Will secure any request with [org.springframework.security.web.session.DisableEncodeUrlFilter@5c16cf52, org.springframework.security.web.context.request.async.WebAsyncManagerIntegrationFilter@5f7c831a, org.springframework.security.web.context.SecurityContextHolderFilter@660980e0, org.springframework.security.web.header.HeaderWriterFilter@60ae8224, org.springframework.security.web.authentication.logout.LogoutFilter@5c3621c9, org.springframework.security.oauth2.server.resource.web.authentication.BearerTokenAuthenticationFilter@5c462831, org.springframework.security.web.savedrequest.RequestCacheAwareFilter@b00ac52, org.springframework.security.web.servletapi.SecurityContextHolderAwareRequestFilter@21ad2ebc, org.springframework.security.web.authentication.AnonymousAuthenticationFilter@32162f64, org.springframework.security.web.session.SessionManagementFilter@4edf1af2, org.springframework.security.web.access.ExceptionTranslationFilter@43f53602, org.springframework.security.web.access.intercept.AuthorizationFilter@691b20da]
28-04-2023 03:19:56 [restartedMain] INFO  org.springframework.boot.devtools.autoconfigure.OptionalLiveReloadServer - (OptionalLiveReloadServer.java:59) - LiveReload server is running on port 35729
28-04-2023 03:19:56 [restartedMain] INFO  org.springframework.boot.web.embedded.tomcat.TomcatWebServer - (TomcatWebServer.java:220) - Tomcat started on port(s): 8080 (http) with context path ''
28-04-2023 03:19:56 [restartedMain] INFO  com.ahmetaksunger.BlogAPI.BlogApiApplication - (StartupInfoLogger.java:57) - Started BlogApiApplication in 5.572 seconds (process running for 6.551)
28-04-2023 03:20:04 [http-nio-8080-exec-2] INFO  org.springframework.web.servlet.DispatcherServlet - (FrameworkServlet.java:532) - Initializing Servlet 'dispatcherServlet'
28-04-2023 03:20:04 [http-nio-8080-exec-2] INFO  org.springframework.web.servlet.DispatcherServlet - (FrameworkServlet.java:554) - Completed initialization in 5 ms
28-04-2023 03:20:07 [SpringApplicationShutdownHook] INFO  org.springframework.orm.jpa.LocalContainerEntityManagerFactoryBean - (AbstractEntityManagerFactoryBean.java:650) - Closing JPA EntityManagerFactory for persistence unit 'default'
28-04-2023 03:20:36 [background-preinit] INFO  org.hibernate.validator.internal.util.Version - (Version.java:21) - HV000001: Hibernate Validator 8.0.0.Final
28-04-2023 03:20:36 [restartedMain] INFO  com.ahmetaksunger.BlogAPI.BlogApiApplication - (StartupInfoLogger.java:51) - Starting BlogApiApplication using Java 19.0.2 with PID 24632 (C:\Users\90538\Desktop\BlogAPI\target\classes started by 90538 in C:\Users\90538\Desktop\BlogAPI)
28-04-2023 03:20:36 [restartedMain] INFO  com.ahmetaksunger.BlogAPI.BlogApiApplication - (SpringApplication.java:632) - No active profile set, falling back to 1 default profile: "default"
28-04-2023 03:20:36 [restartedMain] INFO  org.springframework.boot.devtools.env.DevToolsPropertyDefaultsPostProcessor - (DeferredLog.java:250) - Devtools property defaults active! Set 'spring.devtools.add-properties' to 'false' to disable
28-04-2023 03:20:36 [restartedMain] INFO  org.springframework.boot.devtools.env.DevToolsPropertyDefaultsPostProcessor - (DeferredLog.java:250) - For additional web related logging consider setting the 'logging.level.web' property to 'DEBUG'
28-04-2023 03:20:37 [restartedMain] INFO  org.springframework.data.repository.config.RepositoryConfigurationDelegate - (RepositoryConfigurationDelegate.java:138) - Bootstrapping Spring Data JPA repositories in DEFAULT mode.
28-04-2023 03:20:37 [restartedMain] INFO  org.springframework.data.repository.config.RepositoryConfigurationDelegate - (RepositoryConfigurationDelegate.java:208) - Finished Spring Data repository scanning in 91 ms. Found 4 JPA repository interfaces.
28-04-2023 03:20:38 [restartedMain] INFO  org.springframework.boot.web.embedded.tomcat.TomcatWebServer - (TomcatWebServer.java:108) - Tomcat initialized with port(s): 8080 (http)
28-04-2023 03:20:38 [restartedMain] INFO  org.springframework.boot.web.servlet.context.ServletWebServerApplicationContext - (ServletWebServerApplicationContext.java:291) - Root WebApplicationContext: initialization completed in 2054 ms
28-04-2023 03:20:38 [restartedMain] INFO  org.hibernate.jpa.internal.util.LogHelper - (LogHelper.java:31) - HHH000204: Processing PersistenceUnitInfo [name: default]
28-04-2023 03:20:38 [restartedMain] INFO  org.hibernate.Version - (Version.java:44) - HHH000412: Hibernate ORM core version 6.1.7.Final
28-04-2023 03:20:39 [restartedMain] WARN  org.hibernate.orm.deprecation - (EntityManagerFactoryBuilderImpl.java:606) - HHH90000021: Encountered deprecated setting [javax.persistence.validation.mode], use [jakarta.persistence.validation.mode] instead
28-04-2023 03:20:39 [restartedMain] INFO  SQL dialect - (DialectFactoryImpl.java:66) - HHH000400: Using dialect: org.hibernate.dialect.PostgreSQLDialect
28-04-2023 03:20:40 [restartedMain] INFO  org.hibernate.engine.transaction.jta.platform.internal.JtaPlatformInitiator - (JtaPlatformInitiator.java:51) - HHH000490: Using JtaPlatform implementation: [org.hibernate.engine.transaction.jta.platform.internal.NoJtaPlatform]
28-04-2023 03:20:40 [restartedMain] INFO  org.springframework.orm.jpa.LocalContainerEntityManagerFactoryBean - (AbstractEntityManagerFactoryBean.java:437) - Initialized JPA EntityManagerFactory for persistence unit 'default'
28-04-2023 03:20:41 [restartedMain] WARN  org.springframework.boot.autoconfigure.orm.jpa.JpaBaseConfiguration$JpaWebConfiguration - (JpaBaseConfiguration.java:231) - spring.jpa.open-in-view is enabled by default. Therefore, database queries may be performed during view rendering. Explicitly configure spring.jpa.open-in-view to disable this warning
28-04-2023 03:20:41 [restartedMain] INFO  org.springframework.security.web.DefaultSecurityFilterChain - (DefaultSecurityFilterChain.java:54) - Will secure any request with [org.springframework.security.web.session.DisableEncodeUrlFilter@6945b35a, org.springframework.security.web.context.request.async.WebAsyncManagerIntegrationFilter@63410054, org.springframework.security.web.context.SecurityContextHolderFilter@2af7994e, org.springframework.security.web.header.HeaderWriterFilter@58d8d709, org.springframework.security.web.authentication.logout.LogoutFilter@5671d9d7, org.springframework.security.oauth2.server.resource.web.authentication.BearerTokenAuthenticationFilter@49b549, org.springframework.security.web.savedrequest.RequestCacheAwareFilter@28323eed, org.springframework.security.web.servletapi.SecurityContextHolderAwareRequestFilter@25482db6, org.springframework.security.web.authentication.AnonymousAuthenticationFilter@2e6f0288, org.springframework.security.web.session.SessionManagementFilter@7ba62d5, org.springframework.security.web.access.ExceptionTranslationFilter@568d42dc, org.springframework.security.web.access.intercept.AuthorizationFilter@51f198bc]
28-04-2023 03:20:41 [restartedMain] INFO  org.springframework.boot.devtools.autoconfigure.OptionalLiveReloadServer - (OptionalLiveReloadServer.java:59) - LiveReload server is running on port 35729
28-04-2023 03:20:41 [restartedMain] INFO  org.springframework.boot.web.embedded.tomcat.TomcatWebServer - (TomcatWebServer.java:220) - Tomcat started on port(s): 8080 (http) with context path ''
28-04-2023 03:20:41 [restartedMain] INFO  com.ahmetaksunger.BlogAPI.BlogApiApplication - (StartupInfoLogger.java:57) - Started BlogApiApplication in 5.651 seconds (process running for 6.579)
28-04-2023 03:20:44 [http-nio-8080-exec-2] INFO  org.springframework.web.servlet.DispatcherServlet - (FrameworkServlet.java:532) - Initializing Servlet 'dispatcherServlet'
28-04-2023 03:20:44 [http-nio-8080-exec-2] INFO  org.springframework.web.servlet.DispatcherServlet - (FrameworkServlet.java:554) - Completed initialization in 3 ms
28-04-2023 03:20:56 [SpringApplicationShutdownHook] INFO  org.springframework.orm.jpa.LocalContainerEntityManagerFactoryBean - (AbstractEntityManagerFactoryBean.java:650) - Closing JPA EntityManagerFactory for persistence unit 'default'
28-04-2023 03:32:57 [background-preinit] INFO  org.hibernate.validator.internal.util.Version - (Version.java:21) - HV000001: Hibernate Validator 8.0.0.Final
28-04-2023 03:32:57 [restartedMain] INFO  com.ahmetaksunger.BlogAPI.BlogApiApplication - (StartupInfoLogger.java:51) - Starting BlogApiApplication using Java 19.0.2 with PID 21424 (C:\Users\90538\Desktop\BlogAPI\target\classes started by 90538 in C:\Users\90538\Desktop\BlogAPI)
28-04-2023 03:32:57 [restartedMain] INFO  com.ahmetaksunger.BlogAPI.BlogApiApplication - (SpringApplication.java:632) - No active profile set, falling back to 1 default profile: "default"
28-04-2023 03:32:57 [restartedMain] INFO  org.springframework.boot.devtools.env.DevToolsPropertyDefaultsPostProcessor - (DeferredLog.java:250) - Devtools property defaults active! Set 'spring.devtools.add-properties' to 'false' to disable
28-04-2023 03:32:57 [restartedMain] INFO  org.springframework.boot.devtools.env.DevToolsPropertyDefaultsPostProcessor - (DeferredLog.java:250) - For additional web related logging consider setting the 'logging.level.web' property to 'DEBUG'
28-04-2023 03:32:58 [restartedMain] INFO  org.springframework.data.repository.config.RepositoryConfigurationDelegate - (RepositoryConfigurationDelegate.java:138) - Bootstrapping Spring Data JPA repositories in DEFAULT mode.
28-04-2023 03:32:59 [restartedMain] INFO  org.springframework.data.repository.config.RepositoryConfigurationDelegate - (RepositoryConfigurationDelegate.java:208) - Finished Spring Data repository scanning in 53 ms. Found 4 JPA repository interfaces.
28-04-2023 03:32:59 [restartedMain] INFO  org.springframework.boot.web.embedded.tomcat.TomcatWebServer - (TomcatWebServer.java:108) - Tomcat initialized with port(s): 8080 (http)
28-04-2023 03:32:59 [restartedMain] INFO  org.springframework.boot.web.servlet.context.ServletWebServerApplicationContext - (ServletWebServerApplicationContext.java:291) - Root WebApplicationContext: initialization completed in 2040 ms
28-04-2023 03:33:00 [restartedMain] INFO  org.hibernate.jpa.internal.util.LogHelper - (LogHelper.java:31) - HHH000204: Processing PersistenceUnitInfo [name: default]
28-04-2023 03:33:00 [restartedMain] INFO  org.hibernate.Version - (Version.java:44) - HHH000412: Hibernate ORM core version 6.1.7.Final
28-04-2023 03:33:00 [restartedMain] WARN  org.hibernate.orm.deprecation - (EntityManagerFactoryBuilderImpl.java:606) - HHH90000021: Encountered deprecated setting [javax.persistence.validation.mode], use [jakarta.persistence.validation.mode] instead
28-04-2023 03:33:01 [restartedMain] INFO  SQL dialect - (DialectFactoryImpl.java:66) - HHH000400: Using dialect: org.hibernate.dialect.PostgreSQLDialect
28-04-2023 03:33:02 [restartedMain] INFO  org.hibernate.engine.transaction.jta.platform.internal.JtaPlatformInitiator - (JtaPlatformInitiator.java:51) - HHH000490: Using JtaPlatform implementation: [org.hibernate.engine.transaction.jta.platform.internal.NoJtaPlatform]
28-04-2023 03:33:02 [restartedMain] INFO  org.springframework.orm.jpa.LocalContainerEntityManagerFactoryBean - (AbstractEntityManagerFactoryBean.java:437) - Initialized JPA EntityManagerFactory for persistence unit 'default'
28-04-2023 03:33:02 [restartedMain] WARN  org.springframework.boot.autoconfigure.orm.jpa.JpaBaseConfiguration$JpaWebConfiguration - (JpaBaseConfiguration.java:231) - spring.jpa.open-in-view is enabled by default. Therefore, database queries may be performed during view rendering. Explicitly configure spring.jpa.open-in-view to disable this warning
28-04-2023 03:33:03 [restartedMain] INFO  org.springframework.security.web.DefaultSecurityFilterChain - (DefaultSecurityFilterChain.java:54) - Will secure any request with [org.springframework.security.web.session.DisableEncodeUrlFilter@2164101b, org.springframework.security.web.context.request.async.WebAsyncManagerIntegrationFilter@66f9e7a6, org.springframework.security.web.context.SecurityContextHolderFilter@1c62eeae, org.springframework.security.web.header.HeaderWriterFilter@2fa1e346, org.springframework.security.web.authentication.logout.LogoutFilter@2c62ff91, org.springframework.security.oauth2.server.resource.web.authentication.BearerTokenAuthenticationFilter@16a61b98, org.springframework.security.web.savedrequest.RequestCacheAwareFilter@255cac85, org.springframework.security.web.servletapi.SecurityContextHolderAwareRequestFilter@4e03a670, org.springframework.security.web.authentication.AnonymousAuthenticationFilter@40255a3a, org.springframework.security.web.session.SessionManagementFilter@1c60b71a, org.springframework.security.web.access.ExceptionTranslationFilter@2ecd084a, org.springframework.security.web.access.intercept.AuthorizationFilter@38eff84b]
28-04-2023 03:33:03 [restartedMain] INFO  org.springframework.boot.devtools.autoconfigure.OptionalLiveReloadServer - (OptionalLiveReloadServer.java:59) - LiveReload server is running on port 35729
28-04-2023 03:33:03 [restartedMain] INFO  org.springframework.boot.web.embedded.tomcat.TomcatWebServer - (TomcatWebServer.java:220) - Tomcat started on port(s): 8080 (http) with context path ''
28-04-2023 03:33:03 [restartedMain] INFO  com.ahmetaksunger.BlogAPI.BlogApiApplication - (StartupInfoLogger.java:57) - Started BlogApiApplication in 6.199 seconds (process running for 7.727)
28-04-2023 03:33:54 [http-nio-8080-exec-1] INFO  org.springframework.web.servlet.DispatcherServlet - (FrameworkServlet.java:532) - Initializing Servlet 'dispatcherServlet'
28-04-2023 03:33:54 [http-nio-8080-exec-1] INFO  org.springframework.web.servlet.DispatcherServlet - (FrameworkServlet.java:554) - Completed initialization in 4 ms
28-04-2023 03:34:18 [SpringApplicationShutdownHook] INFO  org.springframework.orm.jpa.LocalContainerEntityManagerFactoryBean - (AbstractEntityManagerFactoryBean.java:650) - Closing JPA EntityManagerFactory for persistence unit 'default'
29-04-2023 01:03:07 [background-preinit] INFO  org.hibernate.validator.internal.util.Version - (Version.java:21) - HV000001: Hibernate Validator 8.0.0.Final
29-04-2023 01:03:07 [restartedMain] INFO  com.ahmetaksunger.BlogAPI.BlogApiApplication - (StartupInfoLogger.java:51) - Starting BlogApiApplication using Java 19.0.2 with PID 16100 (C:\Users\90538\Desktop\BlogAPI\target\classes started by 90538 in C:\Users\90538\Desktop\BlogAPI)
29-04-2023 01:03:07 [restartedMain] INFO  com.ahmetaksunger.BlogAPI.BlogApiApplication - (SpringApplication.java:632) - No active profile set, falling back to 1 default profile: "default"
29-04-2023 01:03:07 [restartedMain] INFO  org.springframework.boot.devtools.env.DevToolsPropertyDefaultsPostProcessor - (DeferredLog.java:250) - Devtools property defaults active! Set 'spring.devtools.add-properties' to 'false' to disable
29-04-2023 01:03:07 [restartedMain] INFO  org.springframework.boot.devtools.env.DevToolsPropertyDefaultsPostProcessor - (DeferredLog.java:250) - For additional web related logging consider setting the 'logging.level.web' property to 'DEBUG'
29-04-2023 01:03:09 [restartedMain] INFO  org.springframework.data.repository.config.RepositoryConfigurationDelegate - (RepositoryConfigurationDelegate.java:138) - Bootstrapping Spring Data JPA repositories in DEFAULT mode.
29-04-2023 01:03:09 [restartedMain] INFO  org.springframework.data.repository.config.RepositoryConfigurationDelegate - (RepositoryConfigurationDelegate.java:208) - Finished Spring Data repository scanning in 83 ms. Found 4 JPA repository interfaces.
29-04-2023 01:03:11 [restartedMain] INFO  org.springframework.boot.web.embedded.tomcat.TomcatWebServer - (TomcatWebServer.java:108) - Tomcat initialized with port(s): 8080 (http)
29-04-2023 01:03:11 [restartedMain] INFO  org.springframework.boot.web.servlet.context.ServletWebServerApplicationContext - (ServletWebServerApplicationContext.java:291) - Root WebApplicationContext: initialization completed in 3887 ms
29-04-2023 01:03:11 [restartedMain] INFO  org.hibernate.jpa.internal.util.LogHelper - (LogHelper.java:31) - HHH000204: Processing PersistenceUnitInfo [name: default]
29-04-2023 01:03:11 [restartedMain] INFO  org.hibernate.Version - (Version.java:44) - HHH000412: Hibernate ORM core version 6.1.7.Final
29-04-2023 01:03:12 [restartedMain] WARN  org.hibernate.orm.deprecation - (EntityManagerFactoryBuilderImpl.java:606) - HHH90000021: Encountered deprecated setting [javax.persistence.validation.mode], use [jakarta.persistence.validation.mode] instead
29-04-2023 01:03:12 [restartedMain] INFO  SQL dialect - (DialectFactoryImpl.java:66) - HHH000400: Using dialect: org.hibernate.dialect.PostgreSQLDialect
29-04-2023 01:03:14 [restartedMain] INFO  org.hibernate.engine.transaction.jta.platform.internal.JtaPlatformInitiator - (JtaPlatformInitiator.java:51) - HHH000490: Using JtaPlatform implementation: [org.hibernate.engine.transaction.jta.platform.internal.NoJtaPlatform]
29-04-2023 01:03:14 [restartedMain] INFO  org.springframework.orm.jpa.LocalContainerEntityManagerFactoryBean - (AbstractEntityManagerFactoryBean.java:437) - Initialized JPA EntityManagerFactory for persistence unit 'default'
29-04-2023 01:03:15 [restartedMain] WARN  org.springframework.boot.autoconfigure.orm.jpa.JpaBaseConfiguration$JpaWebConfiguration - (JpaBaseConfiguration.java:231) - spring.jpa.open-in-view is enabled by default. Therefore, database queries may be performed during view rendering. Explicitly configure spring.jpa.open-in-view to disable this warning
29-04-2023 01:03:15 [restartedMain] INFO  org.springframework.security.web.DefaultSecurityFilterChain - (DefaultSecurityFilterChain.java:54) - Will secure any request with [org.springframework.security.web.session.DisableEncodeUrlFilter@34171c15, org.springframework.security.web.context.request.async.WebAsyncManagerIntegrationFilter@137208db, org.springframework.security.web.context.SecurityContextHolderFilter@5da75e71, org.springframework.security.web.header.HeaderWriterFilter@3faad486, org.springframework.security.web.authentication.logout.LogoutFilter@533aa487, org.springframework.security.oauth2.server.resource.web.authentication.BearerTokenAuthenticationFilter@20bf4d0, org.springframework.security.web.savedrequest.RequestCacheAwareFilter@4a0e2ff3, org.springframework.security.web.servletapi.SecurityContextHolderAwareRequestFilter@24dac5ef, org.springframework.security.web.authentication.AnonymousAuthenticationFilter@4e82c311, org.springframework.security.web.session.SessionManagementFilter@7d8d7eca, org.springframework.security.web.access.ExceptionTranslationFilter@32a07825, org.springframework.security.web.access.intercept.AuthorizationFilter@1be34cfe]
29-04-2023 01:03:16 [restartedMain] INFO  org.springframework.boot.devtools.autoconfigure.OptionalLiveReloadServer - (OptionalLiveReloadServer.java:59) - LiveReload server is running on port 35729
29-04-2023 01:03:16 [restartedMain] INFO  org.springframework.boot.web.embedded.tomcat.TomcatWebServer - (TomcatWebServer.java:220) - Tomcat started on port(s): 8080 (http) with context path ''
29-04-2023 01:03:16 [restartedMain] INFO  com.ahmetaksunger.BlogAPI.BlogApiApplication - (StartupInfoLogger.java:57) - Started BlogApiApplication in 10.448 seconds (process running for 14.057)
29-04-2023 01:03:16 [http-nio-8080-exec-1] INFO  org.springframework.web.servlet.DispatcherServlet - (FrameworkServlet.java:532) - Initializing Servlet 'dispatcherServlet'
29-04-2023 01:03:16 [http-nio-8080-exec-1] INFO  org.springframework.web.servlet.DispatcherServlet - (FrameworkServlet.java:554) - Completed initialization in 2 ms
29-04-2023 01:03:32 [SpringApplicationShutdownHook] INFO  org.springframework.orm.jpa.LocalContainerEntityManagerFactoryBean - (AbstractEntityManagerFactoryBean.java:650) - Closing JPA EntityManagerFactory for persistence unit 'default'
29-04-2023 01:05:28 [background-preinit] INFO  org.hibernate.validator.internal.util.Version - (Version.java:21) - HV000001: Hibernate Validator 8.0.0.Final
29-04-2023 01:05:29 [restartedMain] INFO  com.ahmetaksunger.BlogAPI.BlogApiApplication - (StartupInfoLogger.java:51) - Starting BlogApiApplication using Java 19.0.2 with PID 25204 (C:\Users\90538\Desktop\BlogAPI\target\classes started by 90538 in C:\Users\90538\Desktop\BlogAPI)
29-04-2023 01:05:29 [restartedMain] INFO  com.ahmetaksunger.BlogAPI.BlogApiApplication - (SpringApplication.java:632) - No active profile set, falling back to 1 default profile: "default"
29-04-2023 01:05:29 [restartedMain] INFO  org.springframework.boot.devtools.env.DevToolsPropertyDefaultsPostProcessor - (DeferredLog.java:250) - Devtools property defaults active! Set 'spring.devtools.add-properties' to 'false' to disable
29-04-2023 01:05:29 [restartedMain] INFO  org.springframework.boot.devtools.env.DevToolsPropertyDefaultsPostProcessor - (DeferredLog.java:250) - For additional web related logging consider setting the 'logging.level.web' property to 'DEBUG'
29-04-2023 01:05:31 [restartedMain] INFO  org.springframework.data.repository.config.RepositoryConfigurationDelegate - (RepositoryConfigurationDelegate.java:138) - Bootstrapping Spring Data JPA repositories in DEFAULT mode.
29-04-2023 01:05:32 [restartedMain] INFO  org.springframework.data.repository.config.RepositoryConfigurationDelegate - (RepositoryConfigurationDelegate.java:208) - Finished Spring Data repository scanning in 110 ms. Found 4 JPA repository interfaces.
29-04-2023 01:05:34 [restartedMain] INFO  org.springframework.boot.web.embedded.tomcat.TomcatWebServer - (TomcatWebServer.java:108) - Tomcat initialized with port(s): 8080 (http)
29-04-2023 01:05:34 [restartedMain] INFO  org.springframework.boot.web.servlet.context.ServletWebServerApplicationContext - (ServletWebServerApplicationContext.java:291) - Root WebApplicationContext: initialization completed in 4943 ms
29-04-2023 01:05:34 [restartedMain] INFO  org.hibernate.jpa.internal.util.LogHelper - (LogHelper.java:31) - HHH000204: Processing PersistenceUnitInfo [name: default]
29-04-2023 01:05:34 [restartedMain] INFO  org.hibernate.Version - (Version.java:44) - HHH000412: Hibernate ORM core version 6.1.7.Final
29-04-2023 01:05:35 [restartedMain] WARN  org.hibernate.orm.deprecation - (EntityManagerFactoryBuilderImpl.java:606) - HHH90000021: Encountered deprecated setting [javax.persistence.validation.mode], use [jakarta.persistence.validation.mode] instead
29-04-2023 01:05:36 [restartedMain] INFO  SQL dialect - (DialectFactoryImpl.java:66) - HHH000400: Using dialect: org.hibernate.dialect.PostgreSQLDialect
29-04-2023 01:05:38 [restartedMain] INFO  org.hibernate.engine.transaction.jta.platform.internal.JtaPlatformInitiator - (JtaPlatformInitiator.java:51) - HHH000490: Using JtaPlatform implementation: [org.hibernate.engine.transaction.jta.platform.internal.NoJtaPlatform]
29-04-2023 01:05:38 [restartedMain] INFO  org.springframework.orm.jpa.LocalContainerEntityManagerFactoryBean - (AbstractEntityManagerFactoryBean.java:437) - Initialized JPA EntityManagerFactory for persistence unit 'default'
29-04-2023 01:05:39 [restartedMain] WARN  org.springframework.boot.autoconfigure.orm.jpa.JpaBaseConfiguration$JpaWebConfiguration - (JpaBaseConfiguration.java:231) - spring.jpa.open-in-view is enabled by default. Therefore, database queries may be performed during view rendering. Explicitly configure spring.jpa.open-in-view to disable this warning
29-04-2023 01:05:40 [restartedMain] INFO  org.springframework.security.web.DefaultSecurityFilterChain - (DefaultSecurityFilterChain.java:54) - Will secure any request with [org.springframework.security.web.session.DisableEncodeUrlFilter@4728d059, org.springframework.security.web.context.request.async.WebAsyncManagerIntegrationFilter@7cd8085b, org.springframework.security.web.context.SecurityContextHolderFilter@f014011, org.springframework.security.web.header.HeaderWriterFilter@458ee6e3, org.springframework.security.web.authentication.logout.LogoutFilter@27550913, org.springframework.security.oauth2.server.resource.web.authentication.BearerTokenAuthenticationFilter@4fc2f95b, org.springframework.security.web.savedrequest.RequestCacheAwareFilter@1a199c78, org.springframework.security.web.servletapi.SecurityContextHolderAwareRequestFilter@3a8c8dc2, org.springframework.security.web.authentication.AnonymousAuthenticationFilter@24883eba, org.springframework.security.web.session.SessionManagementFilter@4a4d6671, org.springframework.security.web.access.ExceptionTranslationFilter@7c028eca, org.springframework.security.web.access.intercept.AuthorizationFilter@42710434]
29-04-2023 01:05:41 [restartedMain] INFO  org.springframework.boot.devtools.autoconfigure.OptionalLiveReloadServer - (OptionalLiveReloadServer.java:59) - LiveReload server is running on port 35729
29-04-2023 01:05:41 [restartedMain] INFO  org.springframework.boot.web.embedded.tomcat.TomcatWebServer - (TomcatWebServer.java:220) - Tomcat started on port(s): 8080 (http) with context path ''
29-04-2023 01:05:41 [restartedMain] INFO  com.ahmetaksunger.BlogAPI.BlogApiApplication - (StartupInfoLogger.java:57) - Started BlogApiApplication in 13.234 seconds (process running for 15.88)
29-04-2023 01:05:43 [http-nio-8080-exec-1] INFO  org.springframework.web.servlet.DispatcherServlet - (FrameworkServlet.java:532) - Initializing Servlet 'dispatcherServlet'
29-04-2023 01:05:43 [http-nio-8080-exec-1] INFO  org.springframework.web.servlet.DispatcherServlet - (FrameworkServlet.java:554) - Completed initialization in 4 ms
29-04-2023 01:07:32 [SpringApplicationShutdownHook] INFO  org.springframework.orm.jpa.LocalContainerEntityManagerFactoryBean - (AbstractEntityManagerFactoryBean.java:650) - Closing JPA EntityManagerFactory for persistence unit 'default'
29-04-2023 01:08:24 [background-preinit] INFO  org.hibernate.validator.internal.util.Version - (Version.java:21) - HV000001: Hibernate Validator 8.0.0.Final
29-04-2023 01:08:24 [restartedMain] INFO  com.ahmetaksunger.BlogAPI.BlogApiApplication - (StartupInfoLogger.java:51) - Starting BlogApiApplication using Java 19.0.2 with PID 13016 (C:\Users\90538\Desktop\BlogAPI\target\classes started by 90538 in C:\Users\90538\Desktop\BlogAPI)
29-04-2023 01:08:24 [restartedMain] INFO  com.ahmetaksunger.BlogAPI.BlogApiApplication - (SpringApplication.java:632) - No active profile set, falling back to 1 default profile: "default"
29-04-2023 01:08:24 [restartedMain] INFO  org.springframework.boot.devtools.env.DevToolsPropertyDefaultsPostProcessor - (DeferredLog.java:250) - Devtools property defaults active! Set 'spring.devtools.add-properties' to 'false' to disable
29-04-2023 01:08:24 [restartedMain] INFO  org.springframework.boot.devtools.env.DevToolsPropertyDefaultsPostProcessor - (DeferredLog.java:250) - For additional web related logging consider setting the 'logging.level.web' property to 'DEBUG'
29-04-2023 01:08:26 [restartedMain] INFO  org.springframework.data.repository.config.RepositoryConfigurationDelegate - (RepositoryConfigurationDelegate.java:138) - Bootstrapping Spring Data JPA repositories in DEFAULT mode.
29-04-2023 01:08:26 [restartedMain] INFO  org.springframework.data.repository.config.RepositoryConfigurationDelegate - (RepositoryConfigurationDelegate.java:208) - Finished Spring Data repository scanning in 46 ms. Found 4 JPA repository interfaces.
29-04-2023 01:08:26 [restartedMain] INFO  org.springframework.boot.web.embedded.tomcat.TomcatWebServer - (TomcatWebServer.java:108) - Tomcat initialized with port(s): 8080 (http)
29-04-2023 01:08:27 [restartedMain] INFO  org.springframework.boot.web.servlet.context.ServletWebServerApplicationContext - (ServletWebServerApplicationContext.java:291) - Root WebApplicationContext: initialization completed in 2153 ms
29-04-2023 01:08:27 [restartedMain] INFO  org.hibernate.jpa.internal.util.LogHelper - (LogHelper.java:31) - HHH000204: Processing PersistenceUnitInfo [name: default]
29-04-2023 01:08:27 [restartedMain] INFO  org.hibernate.Version - (Version.java:44) - HHH000412: Hibernate ORM core version 6.1.7.Final
29-04-2023 01:08:27 [restartedMain] WARN  org.hibernate.orm.deprecation - (EntityManagerFactoryBuilderImpl.java:606) - HHH90000021: Encountered deprecated setting [javax.persistence.validation.mode], use [jakarta.persistence.validation.mode] instead
29-04-2023 01:08:28 [restartedMain] INFO  SQL dialect - (DialectFactoryImpl.java:66) - HHH000400: Using dialect: org.hibernate.dialect.PostgreSQLDialect
29-04-2023 01:08:28 [restartedMain] INFO  org.hibernate.engine.transaction.jta.platform.internal.JtaPlatformInitiator - (JtaPlatformInitiator.java:51) - HHH000490: Using JtaPlatform implementation: [org.hibernate.engine.transaction.jta.platform.internal.NoJtaPlatform]
29-04-2023 01:08:28 [restartedMain] INFO  org.springframework.orm.jpa.LocalContainerEntityManagerFactoryBean - (AbstractEntityManagerFactoryBean.java:437) - Initialized JPA EntityManagerFactory for persistence unit 'default'
29-04-2023 01:08:29 [restartedMain] WARN  org.springframework.boot.autoconfigure.orm.jpa.JpaBaseConfiguration$JpaWebConfiguration - (JpaBaseConfiguration.java:231) - spring.jpa.open-in-view is enabled by default. Therefore, database queries may be performed during view rendering. Explicitly configure spring.jpa.open-in-view to disable this warning
29-04-2023 01:08:30 [restartedMain] INFO  org.springframework.security.web.DefaultSecurityFilterChain - (DefaultSecurityFilterChain.java:54) - Will secure any request with [org.springframework.security.web.session.DisableEncodeUrlFilter@1ac5042, org.springframework.security.web.context.request.async.WebAsyncManagerIntegrationFilter@3f7a53b2, org.springframework.security.web.context.SecurityContextHolderFilter@1c92e67c, org.springframework.security.web.header.HeaderWriterFilter@7a2f1b0f, org.springframework.security.web.authentication.logout.LogoutFilter@6b1335db, org.springframework.security.oauth2.server.resource.web.authentication.BearerTokenAuthenticationFilter@19d38ee0, org.springframework.security.web.savedrequest.RequestCacheAwareFilter@68d1ff0c, org.springframework.security.web.servletapi.SecurityContextHolderAwareRequestFilter@26bde968, org.springframework.security.web.authentication.AnonymousAuthenticationFilter@3a5b7e33, org.springframework.security.web.session.SessionManagementFilter@33567c2a, org.springframework.security.web.access.ExceptionTranslationFilter@52b2a1ed, org.springframework.security.web.access.intercept.AuthorizationFilter@5d30a038]
29-04-2023 01:08:31 [restartedMain] INFO  org.springframework.boot.devtools.autoconfigure.OptionalLiveReloadServer - (OptionalLiveReloadServer.java:59) - LiveReload server is running on port 35729
29-04-2023 01:08:31 [restartedMain] INFO  org.springframework.boot.web.embedded.tomcat.TomcatWebServer - (TomcatWebServer.java:220) - Tomcat started on port(s): 8080 (http) with context path ''
29-04-2023 01:08:31 [restartedMain] INFO  com.ahmetaksunger.BlogAPI.BlogApiApplication - (StartupInfoLogger.java:57) - Started BlogApiApplication in 7.101 seconds (process running for 8.392)
29-04-2023 01:08:34 [http-nio-8080-exec-2] INFO  org.springframework.web.servlet.DispatcherServlet - (FrameworkServlet.java:532) - Initializing Servlet 'dispatcherServlet'
29-04-2023 01:08:34 [http-nio-8080-exec-2] INFO  org.springframework.web.servlet.DispatcherServlet - (FrameworkServlet.java:554) - Completed initialization in 2 ms
29-04-2023 01:12:53 [SpringApplicationShutdownHook] INFO  org.springframework.orm.jpa.LocalContainerEntityManagerFactoryBean - (AbstractEntityManagerFactoryBean.java:650) - Closing JPA EntityManagerFactory for persistence unit 'default'
29-04-2023 01:14:18 [background-preinit] INFO  org.hibernate.validator.internal.util.Version - (Version.java:21) - HV000001: Hibernate Validator 8.0.0.Final
29-04-2023 01:14:18 [restartedMain] INFO  com.ahmetaksunger.BlogAPI.BlogApiApplication - (StartupInfoLogger.java:51) - Starting BlogApiApplication using Java 19.0.2 with PID 9916 (C:\Users\90538\Desktop\BlogAPI\target\classes started by 90538 in C:\Users\90538\Desktop\BlogAPI)
29-04-2023 01:14:18 [restartedMain] INFO  com.ahmetaksunger.BlogAPI.BlogApiApplication - (SpringApplication.java:632) - No active profile set, falling back to 1 default profile: "default"
29-04-2023 01:14:19 [restartedMain] INFO  org.springframework.boot.devtools.env.DevToolsPropertyDefaultsPostProcessor - (DeferredLog.java:250) - Devtools property defaults active! Set 'spring.devtools.add-properties' to 'false' to disable
29-04-2023 01:14:19 [restartedMain] INFO  org.springframework.boot.devtools.env.DevToolsPropertyDefaultsPostProcessor - (DeferredLog.java:250) - For additional web related logging consider setting the 'logging.level.web' property to 'DEBUG'
29-04-2023 01:14:20 [restartedMain] INFO  org.springframework.data.repository.config.RepositoryConfigurationDelegate - (RepositoryConfigurationDelegate.java:138) - Bootstrapping Spring Data JPA repositories in DEFAULT mode.
29-04-2023 01:14:20 [restartedMain] INFO  org.springframework.data.repository.config.RepositoryConfigurationDelegate - (RepositoryConfigurationDelegate.java:208) - Finished Spring Data repository scanning in 95 ms. Found 4 JPA repository interfaces.
29-04-2023 01:14:21 [restartedMain] INFO  org.springframework.boot.web.embedded.tomcat.TomcatWebServer - (TomcatWebServer.java:108) - Tomcat initialized with port(s): 8080 (http)
29-04-2023 01:14:21 [restartedMain] INFO  org.springframework.boot.web.servlet.context.ServletWebServerApplicationContext - (ServletWebServerApplicationContext.java:291) - Root WebApplicationContext: initialization completed in 2745 ms
29-04-2023 01:14:22 [restartedMain] INFO  org.hibernate.jpa.internal.util.LogHelper - (LogHelper.java:31) - HHH000204: Processing PersistenceUnitInfo [name: default]
29-04-2023 01:14:22 [restartedMain] INFO  org.hibernate.Version - (Version.java:44) - HHH000412: Hibernate ORM core version 6.1.7.Final
29-04-2023 01:14:22 [restartedMain] WARN  org.hibernate.orm.deprecation - (EntityManagerFactoryBuilderImpl.java:606) - HHH90000021: Encountered deprecated setting [javax.persistence.validation.mode], use [jakarta.persistence.validation.mode] instead
29-04-2023 01:14:23 [restartedMain] INFO  SQL dialect - (DialectFactoryImpl.java:66) - HHH000400: Using dialect: org.hibernate.dialect.PostgreSQLDialect
29-04-2023 01:14:24 [restartedMain] INFO  org.hibernate.engine.transaction.jta.platform.internal.JtaPlatformInitiator - (JtaPlatformInitiator.java:51) - HHH000490: Using JtaPlatform implementation: [org.hibernate.engine.transaction.jta.platform.internal.NoJtaPlatform]
29-04-2023 01:14:24 [restartedMain] INFO  org.springframework.orm.jpa.LocalContainerEntityManagerFactoryBean - (AbstractEntityManagerFactoryBean.java:437) - Initialized JPA EntityManagerFactory for persistence unit 'default'
29-04-2023 01:14:25 [restartedMain] WARN  org.springframework.boot.autoconfigure.orm.jpa.JpaBaseConfiguration$JpaWebConfiguration - (JpaBaseConfiguration.java:231) - spring.jpa.open-in-view is enabled by default. Therefore, database queries may be performed during view rendering. Explicitly configure spring.jpa.open-in-view to disable this warning
29-04-2023 01:14:25 [restartedMain] INFO  org.springframework.security.web.DefaultSecurityFilterChain - (DefaultSecurityFilterChain.java:54) - Will secure any request with [org.springframework.security.web.session.DisableEncodeUrlFilter@3bfc12f, org.springframework.security.web.context.request.async.WebAsyncManagerIntegrationFilter@66b8dc03, org.springframework.security.web.context.SecurityContextHolderFilter@3e16892c, org.springframework.security.web.header.HeaderWriterFilter@5f840f8c, org.springframework.security.web.authentication.logout.LogoutFilter@4c312a64, org.springframework.security.oauth2.server.resource.web.authentication.BearerTokenAuthenticationFilter@35328658, org.springframework.security.web.savedrequest.RequestCacheAwareFilter@186bdc6f, org.springframework.security.web.servletapi.SecurityContextHolderAwareRequestFilter@55915a8d, org.springframework.security.web.authentication.AnonymousAuthenticationFilter@471986ca, org.springframework.security.web.session.SessionManagementFilter@226b51, org.springframework.security.web.access.ExceptionTranslationFilter@1e28a4fb, org.springframework.security.web.access.intercept.AuthorizationFilter@d4ec83c]
29-04-2023 01:14:25 [restartedMain] INFO  org.springframework.boot.devtools.autoconfigure.OptionalLiveReloadServer - (OptionalLiveReloadServer.java:59) - LiveReload server is running on port 35729
29-04-2023 01:14:25 [restartedMain] INFO  org.springframework.boot.web.embedded.tomcat.TomcatWebServer - (TomcatWebServer.java:220) - Tomcat started on port(s): 8080 (http) with context path ''
29-04-2023 01:14:25 [restartedMain] INFO  com.ahmetaksunger.BlogAPI.BlogApiApplication - (StartupInfoLogger.java:57) - Started BlogApiApplication in 7.197 seconds (process running for 8.571)
29-04-2023 01:14:51 [http-nio-8080-exec-2] INFO  org.springframework.web.servlet.DispatcherServlet - (FrameworkServlet.java:532) - Initializing Servlet 'dispatcherServlet'
29-04-2023 01:14:51 [http-nio-8080-exec-2] INFO  org.springframework.web.servlet.DispatcherServlet - (FrameworkServlet.java:554) - Completed initialization in 3 ms
29-04-2023 01:17:26 [File Watcher] INFO  org.springframework.boot.devtools.autoconfigure.LocalDevToolsAutoConfiguration$RestartingClassPathChangeChangedEventListener - (LocalDevToolsAutoConfiguration.java:211) - Restarting due to 1 class path change (1 addition, 0 deletions, 0 modifications)
29-04-2023 01:17:26 [Thread-5] INFO  org.springframework.orm.jpa.LocalContainerEntityManagerFactoryBean - (AbstractEntityManagerFactoryBean.java:650) - Closing JPA EntityManagerFactory for persistence unit 'default'
29-04-2023 01:17:26 [restartedMain] INFO  com.ahmetaksunger.BlogAPI.BlogApiApplication - (StartupInfoLogger.java:51) - Starting BlogApiApplication using Java 19.0.2 with PID 9916 (C:\Users\90538\Desktop\BlogAPI\target\classes started by 90538 in C:\Users\90538\Desktop\BlogAPI)
29-04-2023 01:17:26 [restartedMain] INFO  com.ahmetaksunger.BlogAPI.BlogApiApplication - (SpringApplication.java:632) - No active profile set, falling back to 1 default profile: "default"
29-04-2023 01:17:26 [restartedMain] INFO  org.springframework.data.repository.config.RepositoryConfigurationDelegate - (RepositoryConfigurationDelegate.java:138) - Bootstrapping Spring Data JPA repositories in DEFAULT mode.
29-04-2023 01:17:26 [restartedMain] INFO  org.springframework.data.repository.config.RepositoryConfigurationDelegate - (RepositoryConfigurationDelegate.java:208) - Finished Spring Data repository scanning in 17 ms. Found 4 JPA repository interfaces.
29-04-2023 01:17:27 [restartedMain] INFO  org.springframework.boot.web.embedded.tomcat.TomcatWebServer - (TomcatWebServer.java:108) - Tomcat initialized with port(s): 8080 (http)
29-04-2023 01:17:27 [restartedMain] INFO  org.springframework.boot.web.servlet.context.ServletWebServerApplicationContext - (ServletWebServerApplicationContext.java:291) - Root WebApplicationContext: initialization completed in 407 ms
29-04-2023 01:17:27 [restartedMain] INFO  org.hibernate.jpa.internal.util.LogHelper - (LogHelper.java:31) - HHH000204: Processing PersistenceUnitInfo [name: default]
29-04-2023 01:17:27 [restartedMain] WARN  org.hibernate.orm.deprecation - (EntityManagerFactoryBuilderImpl.java:606) - HHH90000021: Encountered deprecated setting [javax.persistence.validation.mode], use [jakarta.persistence.validation.mode] instead
29-04-2023 01:17:27 [restartedMain] INFO  SQL dialect - (DialectFactoryImpl.java:66) - HHH000400: Using dialect: org.hibernate.dialect.PostgreSQLDialect
29-04-2023 01:17:27 [restartedMain] INFO  org.hibernate.engine.transaction.jta.platform.internal.JtaPlatformInitiator - (JtaPlatformInitiator.java:51) - HHH000490: Using JtaPlatform implementation: [org.hibernate.engine.transaction.jta.platform.internal.NoJtaPlatform]
29-04-2023 01:17:27 [restartedMain] INFO  org.springframework.orm.jpa.LocalContainerEntityManagerFactoryBean - (AbstractEntityManagerFactoryBean.java:437) - Initialized JPA EntityManagerFactory for persistence unit 'default'
29-04-2023 01:17:27 [restartedMain] WARN  org.springframework.boot.autoconfigure.orm.jpa.JpaBaseConfiguration$JpaWebConfiguration - (JpaBaseConfiguration.java:231) - spring.jpa.open-in-view is enabled by default. Therefore, database queries may be performed during view rendering. Explicitly configure spring.jpa.open-in-view to disable this warning
29-04-2023 01:17:27 [restartedMain] INFO  org.springframework.security.web.DefaultSecurityFilterChain - (DefaultSecurityFilterChain.java:54) - Will secure any request with [org.springframework.security.web.session.DisableEncodeUrlFilter@371cfac0, org.springframework.security.web.context.request.async.WebAsyncManagerIntegrationFilter@1955f55a, org.springframework.security.web.context.SecurityContextHolderFilter@6e964841, org.springframework.security.web.header.HeaderWriterFilter@15411b1d, org.springframework.security.web.authentication.logout.LogoutFilter@115c7c18, org.springframework.security.oauth2.server.resource.web.authentication.BearerTokenAuthenticationFilter@4552f2ce, org.springframework.security.web.savedrequest.RequestCacheAwareFilter@50baa682, org.springframework.security.web.servletapi.SecurityContextHolderAwareRequestFilter@4d3ec67b, org.springframework.security.web.authentication.AnonymousAuthenticationFilter@3cae3f9f, org.springframework.security.web.session.SessionManagementFilter@788f0cbb, org.springframework.security.web.access.ExceptionTranslationFilter@519df1e0, org.springframework.security.web.access.intercept.AuthorizationFilter@2fe147e8]
29-04-2023 01:17:27 [restartedMain] INFO  org.springframework.boot.devtools.autoconfigure.OptionalLiveReloadServer - (OptionalLiveReloadServer.java:59) - LiveReload server is running on port 35729
29-04-2023 01:17:27 [restartedMain] INFO  org.springframework.boot.web.embedded.tomcat.TomcatWebServer - (TomcatWebServer.java:220) - Tomcat started on port(s): 8080 (http) with context path ''
29-04-2023 01:17:27 [restartedMain] INFO  com.ahmetaksunger.BlogAPI.BlogApiApplication - (StartupInfoLogger.java:57) - Started BlogApiApplication in 1.366 seconds (process running for 190.756)
29-04-2023 01:17:27 [restartedMain] INFO  org.springframework.boot.devtools.autoconfigure.ConditionEvaluationDeltaLoggingListener - (ConditionEvaluationDeltaLoggingListener.java:63) - Condition evaluation unchanged
29-04-2023 01:17:59 [SpringApplicationShutdownHook] INFO  org.springframework.orm.jpa.LocalContainerEntityManagerFactoryBean - (AbstractEntityManagerFactoryBean.java:650) - Closing JPA EntityManagerFactory for persistence unit 'default'
29-04-2023 01:28:33 [background-preinit] INFO  org.hibernate.validator.internal.util.Version - (Version.java:21) - HV000001: Hibernate Validator 8.0.0.Final
29-04-2023 01:28:33 [restartedMain] INFO  com.ahmetaksunger.BlogAPI.BlogApiApplication - (StartupInfoLogger.java:51) - Starting BlogApiApplication using Java 19.0.2 with PID 16396 (C:\Users\90538\Desktop\BlogAPI\target\classes started by 90538 in C:\Users\90538\Desktop\BlogAPI)
29-04-2023 01:28:33 [restartedMain] INFO  com.ahmetaksunger.BlogAPI.BlogApiApplication - (SpringApplication.java:632) - No active profile set, falling back to 1 default profile: "default"
29-04-2023 01:28:33 [restartedMain] INFO  org.springframework.boot.devtools.env.DevToolsPropertyDefaultsPostProcessor - (DeferredLog.java:250) - Devtools property defaults active! Set 'spring.devtools.add-properties' to 'false' to disable
29-04-2023 01:28:33 [restartedMain] INFO  org.springframework.boot.devtools.env.DevToolsPropertyDefaultsPostProcessor - (DeferredLog.java:250) - For additional web related logging consider setting the 'logging.level.web' property to 'DEBUG'
29-04-2023 01:28:34 [restartedMain] INFO  org.springframework.data.repository.config.RepositoryConfigurationDelegate - (RepositoryConfigurationDelegate.java:138) - Bootstrapping Spring Data JPA repositories in DEFAULT mode.
29-04-2023 01:28:34 [restartedMain] INFO  org.springframework.data.repository.config.RepositoryConfigurationDelegate - (RepositoryConfigurationDelegate.java:208) - Finished Spring Data repository scanning in 65 ms. Found 4 JPA repository interfaces.
29-04-2023 01:28:35 [restartedMain] INFO  org.springframework.boot.web.embedded.tomcat.TomcatWebServer - (TomcatWebServer.java:108) - Tomcat initialized with port(s): 8080 (http)
29-04-2023 01:28:35 [restartedMain] INFO  org.springframework.boot.web.servlet.context.ServletWebServerApplicationContext - (ServletWebServerApplicationContext.java:291) - Root WebApplicationContext: initialization completed in 1785 ms
29-04-2023 01:28:35 [restartedMain] INFO  org.hibernate.jpa.internal.util.LogHelper - (LogHelper.java:31) - HHH000204: Processing PersistenceUnitInfo [name: default]
29-04-2023 01:28:35 [restartedMain] INFO  org.hibernate.Version - (Version.java:44) - HHH000412: Hibernate ORM core version 6.1.7.Final
29-04-2023 01:28:36 [restartedMain] WARN  org.hibernate.orm.deprecation - (EntityManagerFactoryBuilderImpl.java:606) - HHH90000021: Encountered deprecated setting [javax.persistence.validation.mode], use [jakarta.persistence.validation.mode] instead
29-04-2023 01:28:36 [restartedMain] INFO  SQL dialect - (DialectFactoryImpl.java:66) - HHH000400: Using dialect: org.hibernate.dialect.PostgreSQLDialect
29-04-2023 01:28:37 [restartedMain] INFO  org.hibernate.engine.transaction.jta.platform.internal.JtaPlatformInitiator - (JtaPlatformInitiator.java:51) - HHH000490: Using JtaPlatform implementation: [org.hibernate.engine.transaction.jta.platform.internal.NoJtaPlatform]
29-04-2023 01:28:37 [restartedMain] INFO  org.springframework.orm.jpa.LocalContainerEntityManagerFactoryBean - (AbstractEntityManagerFactoryBean.java:437) - Initialized JPA EntityManagerFactory for persistence unit 'default'
29-04-2023 01:28:38 [restartedMain] WARN  org.springframework.boot.autoconfigure.orm.jpa.JpaBaseConfiguration$JpaWebConfiguration - (JpaBaseConfiguration.java:231) - spring.jpa.open-in-view is enabled by default. Therefore, database queries may be performed during view rendering. Explicitly configure spring.jpa.open-in-view to disable this warning
29-04-2023 01:28:38 [restartedMain] INFO  org.springframework.security.web.DefaultSecurityFilterChain - (DefaultSecurityFilterChain.java:54) - Will secure any request with [org.springframework.security.web.session.DisableEncodeUrlFilter@5d145bca, org.springframework.security.web.context.request.async.WebAsyncManagerIntegrationFilter@4a707b11, org.springframework.security.web.context.SecurityContextHolderFilter@770cd74f, org.springframework.security.web.header.HeaderWriterFilter@7486bfd0, org.springframework.security.web.authentication.logout.LogoutFilter@5df713ae, org.springframework.security.oauth2.server.resource.web.authentication.BearerTokenAuthenticationFilter@719682d3, org.springframework.security.web.savedrequest.RequestCacheAwareFilter@de0b022, org.springframework.security.web.servletapi.SecurityContextHolderAwareRequestFilter@55a6fd93, org.springframework.security.web.authentication.AnonymousAuthenticationFilter@f35e896, org.springframework.security.web.session.SessionManagementFilter@11471256, org.springframework.security.web.access.ExceptionTranslationFilter@6de8032b, org.springframework.security.web.access.intercept.AuthorizationFilter@570739c2]
29-04-2023 01:28:38 [restartedMain] INFO  org.springframework.boot.devtools.autoconfigure.OptionalLiveReloadServer - (OptionalLiveReloadServer.java:59) - LiveReload server is running on port 35729
29-04-2023 01:28:38 [restartedMain] INFO  org.springframework.boot.web.embedded.tomcat.TomcatWebServer - (TomcatWebServer.java:220) - Tomcat started on port(s): 8080 (http) with context path ''
29-04-2023 01:28:38 [restartedMain] INFO  com.ahmetaksunger.BlogAPI.BlogApiApplication - (StartupInfoLogger.java:57) - Started BlogApiApplication in 5.32 seconds (process running for 6.912)
29-04-2023 01:28:47 [http-nio-8080-exec-2] INFO  org.springframework.web.servlet.DispatcherServlet - (FrameworkServlet.java:532) - Initializing Servlet 'dispatcherServlet'
29-04-2023 01:28:47 [http-nio-8080-exec-2] INFO  org.springframework.web.servlet.DispatcherServlet - (FrameworkServlet.java:554) - Completed initialization in 6 ms
29-04-2023 01:32:03 [SpringApplicationShutdownHook] INFO  org.springframework.orm.jpa.LocalContainerEntityManagerFactoryBean - (AbstractEntityManagerFactoryBean.java:650) - Closing JPA EntityManagerFactory for persistence unit 'default'
29-04-2023 01:37:21 [background-preinit] INFO  org.hibernate.validator.internal.util.Version - (Version.java:21) - HV000001: Hibernate Validator 8.0.0.Final
29-04-2023 01:37:21 [restartedMain] INFO  com.ahmetaksunger.BlogAPI.BlogApiApplication - (StartupInfoLogger.java:51) - Starting BlogApiApplication using Java 19.0.2 with PID 11276 (C:\Users\90538\Desktop\BlogAPI\target\classes started by 90538 in C:\Users\90538\Desktop\BlogAPI)
29-04-2023 01:37:21 [restartedMain] INFO  com.ahmetaksunger.BlogAPI.BlogApiApplication - (SpringApplication.java:632) - No active profile set, falling back to 1 default profile: "default"
29-04-2023 01:37:21 [restartedMain] INFO  org.springframework.boot.devtools.env.DevToolsPropertyDefaultsPostProcessor - (DeferredLog.java:250) - Devtools property defaults active! Set 'spring.devtools.add-properties' to 'false' to disable
29-04-2023 01:37:21 [restartedMain] INFO  org.springframework.boot.devtools.env.DevToolsPropertyDefaultsPostProcessor - (DeferredLog.java:250) - For additional web related logging consider setting the 'logging.level.web' property to 'DEBUG'
29-04-2023 01:37:22 [restartedMain] INFO  org.springframework.data.repository.config.RepositoryConfigurationDelegate - (RepositoryConfigurationDelegate.java:138) - Bootstrapping Spring Data JPA repositories in DEFAULT mode.
29-04-2023 01:37:22 [restartedMain] INFO  org.springframework.data.repository.config.RepositoryConfigurationDelegate - (RepositoryConfigurationDelegate.java:208) - Finished Spring Data repository scanning in 83 ms. Found 4 JPA repository interfaces.
29-04-2023 01:37:24 [restartedMain] INFO  org.springframework.boot.web.embedded.tomcat.TomcatWebServer - (TomcatWebServer.java:108) - Tomcat initialized with port(s): 8080 (http)
29-04-2023 01:37:24 [restartedMain] INFO  org.springframework.boot.web.servlet.context.ServletWebServerApplicationContext - (ServletWebServerApplicationContext.java:291) - Root WebApplicationContext: initialization completed in 2350 ms
29-04-2023 01:37:24 [restartedMain] INFO  org.hibernate.jpa.internal.util.LogHelper - (LogHelper.java:31) - HHH000204: Processing PersistenceUnitInfo [name: default]
29-04-2023 01:37:24 [restartedMain] INFO  org.hibernate.Version - (Version.java:44) - HHH000412: Hibernate ORM core version 6.1.7.Final
29-04-2023 01:37:24 [restartedMain] WARN  org.hibernate.orm.deprecation - (EntityManagerFactoryBuilderImpl.java:606) - HHH90000021: Encountered deprecated setting [javax.persistence.validation.mode], use [jakarta.persistence.validation.mode] instead
29-04-2023 01:37:25 [restartedMain] INFO  SQL dialect - (DialectFactoryImpl.java:66) - HHH000400: Using dialect: org.hibernate.dialect.PostgreSQLDialect
29-04-2023 01:37:26 [restartedMain] INFO  org.hibernate.engine.transaction.jta.platform.internal.JtaPlatformInitiator - (JtaPlatformInitiator.java:51) - HHH000490: Using JtaPlatform implementation: [org.hibernate.engine.transaction.jta.platform.internal.NoJtaPlatform]
29-04-2023 01:37:26 [restartedMain] INFO  org.springframework.orm.jpa.LocalContainerEntityManagerFactoryBean - (AbstractEntityManagerFactoryBean.java:437) - Initialized JPA EntityManagerFactory for persistence unit 'default'
29-04-2023 01:37:27 [restartedMain] WARN  org.springframework.boot.autoconfigure.orm.jpa.JpaBaseConfiguration$JpaWebConfiguration - (JpaBaseConfiguration.java:231) - spring.jpa.open-in-view is enabled by default. Therefore, database queries may be performed during view rendering. Explicitly configure spring.jpa.open-in-view to disable this warning
29-04-2023 01:37:27 [restartedMain] INFO  org.springframework.security.web.DefaultSecurityFilterChain - (DefaultSecurityFilterChain.java:54) - Will secure any request with [org.springframework.security.web.session.DisableEncodeUrlFilter@471986ca, org.springframework.security.web.context.request.async.WebAsyncManagerIntegrationFilter@26ef65d7, org.springframework.security.web.context.SecurityContextHolderFilter@186bdc6f, org.springframework.security.web.header.HeaderWriterFilter@197419b1, org.springframework.security.web.authentication.logout.LogoutFilter@3abe344, org.springframework.security.oauth2.server.resource.web.authentication.BearerTokenAuthenticationFilter@3bfc12f, org.springframework.security.web.savedrequest.RequestCacheAwareFilter@564d4c4d, org.springframework.security.web.servletapi.SecurityContextHolderAwareRequestFilter@7209fbb7, org.springframework.security.web.authentication.AnonymousAuthenticationFilter@5ba46e9c, org.springframework.security.web.session.SessionManagementFilter@207c8970, org.springframework.security.web.access.ExceptionTranslationFilter@5f840f8c, org.springframework.security.web.access.intercept.AuthorizationFilter@16ce3e8b]
29-04-2023 01:37:27 [restartedMain] INFO  org.springframework.boot.devtools.autoconfigure.OptionalLiveReloadServer - (OptionalLiveReloadServer.java:59) - LiveReload server is running on port 35729
29-04-2023 01:37:27 [restartedMain] INFO  org.springframework.boot.web.embedded.tomcat.TomcatWebServer - (TomcatWebServer.java:220) - Tomcat started on port(s): 8080 (http) with context path ''
29-04-2023 01:37:27 [restartedMain] INFO  com.ahmetaksunger.BlogAPI.BlogApiApplication - (StartupInfoLogger.java:57) - Started BlogApiApplication in 6.512 seconds (process running for 8.495)
29-04-2023 01:37:31 [http-nio-8080-exec-1] INFO  org.springframework.web.servlet.DispatcherServlet - (FrameworkServlet.java:532) - Initializing Servlet 'dispatcherServlet'
29-04-2023 01:37:31 [http-nio-8080-exec-1] INFO  org.springframework.web.servlet.DispatcherServlet - (FrameworkServlet.java:554) - Completed initialization in 15 ms
29-04-2023 01:38:24 [SpringApplicationShutdownHook] INFO  org.springframework.orm.jpa.LocalContainerEntityManagerFactoryBean - (AbstractEntityManagerFactoryBean.java:650) - Closing JPA EntityManagerFactory for persistence unit 'default'
